[2024-11-06T21:32:17.516962+00:00] ultra_admin_log.INFO: Applicazione avviata con successo [] []
[2024-11-06T21:32:17.517500+00:00] ultra_admin_log.INFO: Bootstrapping application [] []
[2024-11-06T21:32:17.517721+00:00] ultra_admin_log.INFO: Application bootstrapped successfully [] []
[2024-11-06T21:32:17.517981+00:00] ultra_admin_log.INFO: Loading providers from: /home/fabio/libraries/UltraAdmin/config/app.php [] []
[2024-11-06T21:32:17.518231+00:00] ultra_admin_log.INFO: Provider found: App\Providers\RouteServiceProvider [] []
[2024-11-06T21:32:17.518414+00:00] ultra_admin_log.INFO: Provider RouteServiceProvider registered [] []
[2024-11-06T21:32:17.518583+00:00] ultra_admin_log.INFO: Provider found: App\Providers\UConfigServiceProvider [] []
[2024-11-06T21:32:17.518759+00:00] ultra_admin_log.INFO: Provider found: App\Providers\TranslationServiceProvider [] []
[2024-11-06T21:32:17.518898+00:00] ultra_admin_log.INFO: Loaded providers: {"App\\Providers\\RouteServiceProvider":{},"App\\Providers\\UConfigServiceProvider":{},"App\\Providers\\TranslationServiceProvider":{}} [] []
[2024-11-06T21:32:17.519099+00:00] ultra_admin_log.INFO: RouteServiceProvider boot started [] []
[2024-11-06T21:32:17.519269+00:00] ultra_admin_log.INFO: Loading route file: /home/fabio/libraries/UltraAdmin/config/../routes/web.php [] []
[2024-11-06T21:32:17.519411+00:00] ultra_admin_log.INFO: dentro web.php [] []
[2024-11-06T21:32:17.520605+00:00] ultra_admin_log.INFO: dentro Router.php addRoute key: {"handler":[{"App\\Http\\Controllers\\Home":[]},"home"]} []
[2024-11-06T21:32:17.520863+00:00] ultra_admin_log.INFO: dentro Router.php addRoute key: {"handler":[{"App\\Http\\Controllers\\LibraryController":[]},"index"]} []
[2024-11-06T21:32:17.521123+00:00] ultra_admin_log.INFO: dentro Router.php addRoute key: {"handler":[{"App\\Http\\Controllers\\LibraryController":[]},"create"]} []
[2024-11-06T21:32:17.521382+00:00] ultra_admin_log.INFO: dentro Router.php addRoute key: {"handler":[{"App\\Http\\Controllers\\LibraryController":[]},"store"]} []
[2024-11-06T21:32:17.521607+00:00] ultra_admin_log.INFO: dentro Router.php addRoute key: {"handler":[{"App\\Http\\Controllers\\LibraryController":[]},"edit"]} []
[2024-11-06T21:32:17.521830+00:00] ultra_admin_log.INFO: dentro Router.php addRoute key: {"handler":[{"App\\Http\\Controllers\\LibraryController":[]},"update"]} []
[2024-11-06T21:32:17.522081+00:00] ultra_admin_log.INFO: dentro Router.php addRoute key: {"handler":[{"App\\Http\\Controllers\\LibraryController":[]},"delete"]} []
[2024-11-06T21:32:17.522270+00:00] ultra_admin_log.INFO: dopo le route [] []
[2024-11-06T21:32:17.522403+00:00] ultra_admin_log.INFO: Prima di restituire il router in web.php {"routes":{"GET":{"/":[{"App\\Http\\Controllers\\Home":[]},"home"],"/libraries":[{"App\\Http\\Controllers\\LibraryController":[]},"index"],"/libraries/create":[{"App\\Http\\Controllers\\LibraryController":[]},"create"],"/libraries/edit/{id}":[{"App\\Http\\Controllers\\LibraryController":[]},"edit"]},"POST":{"/libraries/store":[{"App\\Http\\Controllers\\LibraryController":[]},"store"],"/libraries/update":[{"App\\Http\\Controllers\\LibraryController":[]},"update"],"/libraries/delete":[{"App\\Http\\Controllers\\LibraryController":[]},"delete"]}}} []
[2024-11-06T21:32:17.522637+00:00] ultra_admin_log.INFO: Routes registered from: /home/fabio/libraries/UltraAdmin/config/../routes/web.php {"routes":{"GET":{"/":[{"App\\Http\\Controllers\\Home":[]},"home"],"/libraries":[{"App\\Http\\Controllers\\LibraryController":[]},"index"],"/libraries/create":[{"App\\Http\\Controllers\\LibraryController":[]},"create"],"/libraries/edit/{id}":[{"App\\Http\\Controllers\\LibraryController":[]},"edit"]},"POST":{"/libraries/store":[{"App\\Http\\Controllers\\LibraryController":[]},"store"],"/libraries/update":[{"App\\Http\\Controllers\\LibraryController":[]},"update"],"/libraries/delete":[{"App\\Http\\Controllers\\LibraryController":[]},"delete"]}}} []
[2024-11-06T21:32:17.522865+00:00] ultra_admin_log.INFO: Loading route file: /home/fabio/libraries/UltraAdmin/config/../routes/api.php [] []
[2024-11-06T21:32:17.523099+00:00] ultra_admin_log.INFO: Router dispatch {"method":"GET","path":"/libraries/edit/1","available_routes":["/","/libraries","/libraries/create","/libraries/edit/{id}"]} []
[2024-11-06T21:32:17.523358+00:00] ultra_admin_log.INFO: dentro api.php [] []
[2024-11-06T21:32:17.523551+00:00] ultra_admin_log.INFO: Prima di restituire il router in api.php {"routes":{"GET":{"/":[{"App\\Http\\Controllers\\Home":[]},"home"],"/libraries":[{"App\\Http\\Controllers\\LibraryController":[]},"index"],"/libraries/create":[{"App\\Http\\Controllers\\LibraryController":[]},"create"],"/libraries/edit/{id}":[{"App\\Http\\Controllers\\LibraryController":[]},"edit"]},"POST":{"/libraries/store":[{"App\\Http\\Controllers\\LibraryController":[]},"store"],"/libraries/update":[{"App\\Http\\Controllers\\LibraryController":[]},"update"],"/libraries/delete":[{"App\\Http\\Controllers\\LibraryController":[]},"delete"]}}} []
[2024-11-06T21:32:17.523775+00:00] ultra_admin_log.ERROR: Il file delle rotte non ha restituito una funzione valida. [] []
[2024-11-06T21:32:17.523916+00:00] ultra_admin_log.INFO: Booting provider: RouteServiceProvider [] []
[2024-11-06T21:32:17.524084+00:00] ultra_admin_log.INFO: Registering provider: UConfigServiceProvider [] []
[2024-11-06T21:32:17.524229+00:00] ultra_admin_log.INFO: Registering provider: TranslationServiceProvider [] []
[2024-11-06T21:32:17.524439+00:00] ultra_admin_log.INFO: Kernel constructed [] []
[2024-11-06T21:32:17.524599+00:00] ultra_admin_log.INFO: Kernel boot started [] []
[2024-11-06T21:32:17.524690+00:00] ultra_admin_log.INFO: Kernel boot completed [] []
[2024-11-06T21:32:17.524774+00:00] ultra_admin_log.INFO: Kernel dispatch started [] []
[2024-11-06T21:32:17.524855+00:00] ultra_admin_log.INFO: Kernel dispatch completed [] []
[2024-11-06T21:32:17.524972+00:00] ultra_admin_log.INFO: Singletons nel Container: [] [] []
