[2024-10-31T14:54:33.500067+00:00] ultra_admin_log.INFO: Applicazione avviata con successo [] []
[2024-10-31T14:54:33.500650+00:00] ultra_admin_log.INFO: RouteServiceProvider boot started [] []
[2024-10-31T14:54:33.500827+00:00] ultra_admin_log.INFO: Loading route file: /home/fabio/libraries/UltraAdmin/config/../routes/web.php [] []
[2024-10-31T14:55:46.823991+00:00] ultra_admin_log.INFO: Applicazione avviata con successo [] []
[2024-10-31T14:55:46.824607+00:00] ultra_admin_log.INFO: RouteServiceProvider boot started [] []
[2024-10-31T14:55:46.824782+00:00] ultra_admin_log.INFO: Loading route file: /home/fabio/libraries/UltraAdmin/config/../routes/web.php [] []
[2024-10-31T14:55:46.825206+00:00] ultra_admin_log.INFO: dentro web.php [] []
[2024-10-31T14:55:46.825384+00:00] ultra_admin_log.INFO: dopo le route [] []
[2024-10-31T14:55:46.825516+00:00] ultra_admin_log.INFO: Prima di restituire il router in web.php {"routes":{"GET":{"/libraries":[{"Fabio\\UltraAdmin\\Controllers\\LibraryController":[]},"index"],"/libraries/create":[{"Fabio\\UltraAdmin\\Controllers\\LibraryController":[]},"create"],"/libraries/edit":[{"Fabio\\UltraAdmin\\Controllers\\LibraryController":[]},"edit"]},"POST":{"/libraries/store":[{"Fabio\\UltraAdmin\\Controllers\\LibraryController":[]},"store"],"/libraries/update":[{"Fabio\\UltraAdmin\\Controllers\\LibraryController":[]},"update"],"/libraries/delete":[{"Fabio\\UltraAdmin\\Controllers\\LibraryController":[]},"delete"]}}} []
[2024-10-31T14:55:46.825734+00:00] ultra_admin_log.INFO: Tipo di valore restituito dal file delle rotte {"type":"object"} []
[2024-10-31T14:55:46.825866+00:00] ultra_admin_log.INFO: Router istanziato in RouteServiceProvider {"routes":{"GET":{"/libraries":[{"Fabio\\UltraAdmin\\Controllers\\LibraryController":[]},"index"],"/libraries/create":[{"Fabio\\UltraAdmin\\Controllers\\LibraryController":[]},"create"],"/libraries/edit":[{"Fabio\\UltraAdmin\\Controllers\\LibraryController":[]},"edit"]},"POST":{"/libraries/store":[{"Fabio\\UltraAdmin\\Controllers\\LibraryController":[]},"store"],"/libraries/update":[{"Fabio\\UltraAdmin\\Controllers\\LibraryController":[]},"update"],"/libraries/delete":[{"Fabio\\UltraAdmin\\Controllers\\LibraryController":[]},"delete"]}}} []
[2024-10-31T14:55:46.826075+00:00] ultra_admin_log.INFO: Route aggiunta: GET /libraries [] []
[2024-10-31T14:55:46.826204+00:00] ultra_admin_log.INFO: Route aggiunta: GET /libraries/create [] []
[2024-10-31T14:55:46.826332+00:00] ultra_admin_log.INFO: Route aggiunta: GET /libraries/edit [] []
[2024-10-31T14:55:46.826459+00:00] ultra_admin_log.INFO: Route aggiunta: POST /libraries/store [] []
[2024-10-31T14:55:46.826585+00:00] ultra_admin_log.INFO: Route aggiunta: POST /libraries/update [] []
[2024-10-31T14:55:46.826711+00:00] ultra_admin_log.INFO: Route aggiunta: POST /libraries/delete [] []
[2024-10-31T14:55:46.826841+00:00] ultra_admin_log.INFO: Loading route file: /home/fabio/libraries/UltraAdmin/config/../routes/api.php [] []
[2024-10-31T14:55:46.827022+00:00] ultra_admin_log.INFO: dentro api.php [] []
[2024-10-31T14:55:46.827177+00:00] ultra_admin_log.INFO: Prima di restituire il router in api.php {"routes":[]} []
[2024-10-31T14:55:46.827307+00:00] ultra_admin_log.INFO: Tipo di valore restituito dal file delle rotte {"type":"object"} []
[2024-10-31T14:55:46.827479+00:00] ultra_admin_log.INFO: Router istanziato in RouteServiceProvider {"routes":[]} []
[2024-10-31T14:55:46.827989+00:00] ultra_admin_log.INFO: dentro Router.php dispatch {"routes":{"GET":{"/libraries":[{"Fabio\\UltraAdmin\\Controllers\\LibraryController":[]},"index"],"/libraries/create":[{"Fabio\\UltraAdmin\\Controllers\\LibraryController":[]},"create"],"/libraries/edit":[{"Fabio\\UltraAdmin\\Controllers\\LibraryController":[]},"edit"]},"POST":{"/libraries/store":[{"Fabio\\UltraAdmin\\Controllers\\LibraryController":[]},"store"],"/libraries/update":[{"Fabio\\UltraAdmin\\Controllers\\LibraryController":[]},"update"],"/libraries/delete":[{"Fabio\\UltraAdmin\\Controllers\\LibraryController":[]},"delete"]}}} []
[2024-10-31T14:55:46.828262+00:00] ultra_admin_log.INFO: dentro LibraryController.php index {"data":{"libraries":["Libreria 1","Libreria 2","Libreria 3"]}} []
[2024-10-31T14:55:46.828476+00:00] ultra_admin_log.INFO: viewPath {"viewPath":"/home/fabio/libraries/UltraAdmin/src/Controllers/../../resources/views/library_handler.php"} []
[2024-10-31T14:55:46.828699+00:00] ultra_admin_log.INFO: dentro Router.php dispatch {"routes":{"GET":{"/libraries":[{"Fabio\\UltraAdmin\\Controllers\\LibraryController":[]},"index"],"/libraries/create":[{"Fabio\\UltraAdmin\\Controllers\\LibraryController":[]},"create"],"/libraries/edit":[{"Fabio\\UltraAdmin\\Controllers\\LibraryController":[]},"edit"],"/":{"Closure":[]}},"POST":{"/libraries/store":[{"Fabio\\UltraAdmin\\Controllers\\LibraryController":[]},"store"],"/libraries/update":[{"Fabio\\UltraAdmin\\Controllers\\LibraryController":[]},"update"],"/libraries/delete":[{"Fabio\\UltraAdmin\\Controllers\\LibraryController":[]},"delete"]}}} []
[2024-10-31T14:55:46.828971+00:00] ultra_admin_log.INFO: dentro LibraryController.php index {"data":{"libraries":["Libreria 1","Libreria 2","Libreria 3"]}} []
[2024-10-31T14:55:46.829167+00:00] ultra_admin_log.INFO: viewPath {"viewPath":"/home/fabio/libraries/UltraAdmin/src/Controllers/../../resources/views/library_handler.php"} []
[2024-10-31T14:56:23.233005+00:00] ultra_admin_log.INFO: Applicazione avviata con successo [] []
[2024-10-31T14:56:23.233574+00:00] ultra_admin_log.INFO: RouteServiceProvider boot started [] []
[2024-10-31T14:56:23.233777+00:00] ultra_admin_log.INFO: Loading route file: /home/fabio/libraries/UltraAdmin/config/../routes/web.php [] []
[2024-10-31T14:56:23.234204+00:00] ultra_admin_log.INFO: dentro web.php [] []
[2024-10-31T14:56:23.234384+00:00] ultra_admin_log.INFO: dopo le route [] []
[2024-10-31T14:56:23.234515+00:00] ultra_admin_log.INFO: Prima di restituire il router in web.php {"routes":{"GET":{"/libraries":[{"Fabio\\UltraAdmin\\Controllers\\LibraryController":[]},"index"],"/libraries/create":[{"Fabio\\UltraAdmin\\Controllers\\LibraryController":[]},"create"],"/libraries/edit":[{"Fabio\\UltraAdmin\\Controllers\\LibraryController":[]},"edit"]},"POST":{"/libraries/store":[{"Fabio\\UltraAdmin\\Controllers\\LibraryController":[]},"store"],"/libraries/update":[{"Fabio\\UltraAdmin\\Controllers\\LibraryController":[]},"update"],"/libraries/delete":[{"Fabio\\UltraAdmin\\Controllers\\LibraryController":[]},"delete"]}}} []
[2024-10-31T14:56:23.234734+00:00] ultra_admin_log.INFO: Tipo di valore restituito dal file delle rotte {"type":"object"} []
[2024-10-31T14:56:23.234899+00:00] ultra_admin_log.INFO: Router istanziato in RouteServiceProvider {"routes":{"GET":{"/libraries":[{"Fabio\\UltraAdmin\\Controllers\\LibraryController":[]},"index"],"/libraries/create":[{"Fabio\\UltraAdmin\\Controllers\\LibraryController":[]},"create"],"/libraries/edit":[{"Fabio\\UltraAdmin\\Controllers\\LibraryController":[]},"edit"]},"POST":{"/libraries/store":[{"Fabio\\UltraAdmin\\Controllers\\LibraryController":[]},"store"],"/libraries/update":[{"Fabio\\UltraAdmin\\Controllers\\LibraryController":[]},"update"],"/libraries/delete":[{"Fabio\\UltraAdmin\\Controllers\\LibraryController":[]},"delete"]}}} []
[2024-10-31T14:56:23.235107+00:00] ultra_admin_log.INFO: Route aggiunta: GET /libraries [] []
[2024-10-31T14:56:23.235236+00:00] ultra_admin_log.INFO: Route aggiunta: GET /libraries/create [] []
[2024-10-31T14:56:23.235363+00:00] ultra_admin_log.INFO: Route aggiunta: GET /libraries/edit [] []
[2024-10-31T14:56:23.235490+00:00] ultra_admin_log.INFO: Route aggiunta: POST /libraries/store [] []
[2024-10-31T14:56:23.235615+00:00] ultra_admin_log.INFO: Route aggiunta: POST /libraries/update [] []
[2024-10-31T14:56:23.235740+00:00] ultra_admin_log.INFO: Route aggiunta: POST /libraries/delete [] []
[2024-10-31T14:56:23.236004+00:00] ultra_admin_log.INFO: Loading route file: /home/fabio/libraries/UltraAdmin/config/../routes/api.php [] []
[2024-10-31T14:56:23.236183+00:00] ultra_admin_log.INFO: dentro api.php [] []
[2024-10-31T14:56:23.236338+00:00] ultra_admin_log.INFO: Prima di restituire il router in api.php {"routes":[]} []
[2024-10-31T14:56:23.236451+00:00] ultra_admin_log.INFO: Tipo di valore restituito dal file delle rotte {"type":"object"} []
[2024-10-31T14:56:23.236573+00:00] ultra_admin_log.INFO: Router istanziato in RouteServiceProvider {"routes":[]} []
[2024-10-31T14:56:23.237082+00:00] ultra_admin_log.INFO: dentro Router.php dispatch {"routes":{"GET":{"/libraries":[{"Fabio\\UltraAdmin\\Controllers\\LibraryController":[]},"index"],"/libraries/create":[{"Fabio\\UltraAdmin\\Controllers\\LibraryController":[]},"create"],"/libraries/edit":[{"Fabio\\UltraAdmin\\Controllers\\LibraryController":[]},"edit"]},"POST":{"/libraries/store":[{"Fabio\\UltraAdmin\\Controllers\\LibraryController":[]},"store"],"/libraries/update":[{"Fabio\\UltraAdmin\\Controllers\\LibraryController":[]},"update"],"/libraries/delete":[{"Fabio\\UltraAdmin\\Controllers\\LibraryController":[]},"delete"]}}} []
[2024-10-31T14:56:23.237357+00:00] ultra_admin_log.INFO: dentro LibraryController.php index {"data":{"libraries":["Libreria 1","Libreria 2","Libreria 3"]}} []
[2024-10-31T14:56:23.237612+00:00] ultra_admin_log.INFO: viewPath {"viewPath":"/home/fabio/libraries/UltraAdmin/src/Controllers/../../resources/views/library_handler.html"} []
[2024-10-31T14:56:23.238408+00:00] ultra_admin_log.INFO: dentro Router.php dispatch {"routes":{"GET":{"/libraries":[{"Fabio\\UltraAdmin\\Controllers\\LibraryController":[]},"index"],"/libraries/create":[{"Fabio\\UltraAdmin\\Controllers\\LibraryController":[]},"create"],"/libraries/edit":[{"Fabio\\UltraAdmin\\Controllers\\LibraryController":[]},"edit"],"/":{"Closure":[]}},"POST":{"/libraries/store":[{"Fabio\\UltraAdmin\\Controllers\\LibraryController":[]},"store"],"/libraries/update":[{"Fabio\\UltraAdmin\\Controllers\\LibraryController":[]},"update"],"/libraries/delete":[{"Fabio\\UltraAdmin\\Controllers\\LibraryController":[]},"delete"]}}} []
[2024-10-31T14:56:23.238714+00:00] ultra_admin_log.INFO: dentro LibraryController.php index {"data":{"libraries":["Libreria 1","Libreria 2","Libreria 3"]}} []
[2024-10-31T14:56:23.238959+00:00] ultra_admin_log.INFO: viewPath {"viewPath":"/home/fabio/libraries/UltraAdmin/src/Controllers/../../resources/views/library_handler.html"} []
[2024-10-31T14:57:11.996235+00:00] ultra_admin_log.INFO: Applicazione avviata con successo [] []
[2024-10-31T14:57:11.996817+00:00] ultra_admin_log.INFO: RouteServiceProvider boot started [] []
[2024-10-31T14:57:11.996994+00:00] ultra_admin_log.INFO: Loading route file: /home/fabio/libraries/UltraAdmin/config/../routes/web.php [] []
[2024-10-31T14:57:11.997479+00:00] ultra_admin_log.INFO: dentro web.php [] []
[2024-10-31T14:57:11.997664+00:00] ultra_admin_log.INFO: dopo le route [] []
[2024-10-31T14:57:11.997758+00:00] ultra_admin_log.INFO: Prima di restituire il router in web.php {"routes":{"GET":{"/libraries":[{"Fabio\\UltraAdmin\\Controllers\\LibraryController":[]},"index"],"/libraries/create":[{"Fabio\\UltraAdmin\\Controllers\\LibraryController":[]},"create"],"/libraries/edit":[{"Fabio\\UltraAdmin\\Controllers\\LibraryController":[]},"edit"]},"POST":{"/libraries/store":[{"Fabio\\UltraAdmin\\Controllers\\LibraryController":[]},"store"],"/libraries/update":[{"Fabio\\UltraAdmin\\Controllers\\LibraryController":[]},"update"],"/libraries/delete":[{"Fabio\\UltraAdmin\\Controllers\\LibraryController":[]},"delete"]}}} []
[2024-10-31T14:57:11.997973+00:00] ultra_admin_log.INFO: Tipo di valore restituito dal file delle rotte {"type":"object"} []
[2024-10-31T14:57:11.998069+00:00] ultra_admin_log.INFO: Router istanziato in RouteServiceProvider {"routes":{"GET":{"/libraries":[{"Fabio\\UltraAdmin\\Controllers\\LibraryController":[]},"index"],"/libraries/create":[{"Fabio\\UltraAdmin\\Controllers\\LibraryController":[]},"create"],"/libraries/edit":[{"Fabio\\UltraAdmin\\Controllers\\LibraryController":[]},"edit"]},"POST":{"/libraries/store":[{"Fabio\\UltraAdmin\\Controllers\\LibraryController":[]},"store"],"/libraries/update":[{"Fabio\\UltraAdmin\\Controllers\\LibraryController":[]},"update"],"/libraries/delete":[{"Fabio\\UltraAdmin\\Controllers\\LibraryController":[]},"delete"]}}} []
[2024-10-31T14:57:11.998299+00:00] ultra_admin_log.INFO: Route aggiunta: GET /libraries [] []
[2024-10-31T14:57:11.998521+00:00] ultra_admin_log.INFO: Route aggiunta: GET /libraries/create [] []
[2024-10-31T14:57:11.998713+00:00] ultra_admin_log.INFO: Route aggiunta: GET /libraries/edit [] []
[2024-10-31T14:57:11.998907+00:00] ultra_admin_log.INFO: Route aggiunta: POST /libraries/store [] []
[2024-10-31T14:57:11.999085+00:00] ultra_admin_log.INFO: Route aggiunta: POST /libraries/update [] []
[2024-10-31T14:57:11.999306+00:00] ultra_admin_log.INFO: Route aggiunta: POST /libraries/delete [] []
[2024-10-31T14:57:11.999525+00:00] ultra_admin_log.INFO: Loading route file: /home/fabio/libraries/UltraAdmin/config/../routes/api.php [] []
[2024-10-31T14:57:11.999945+00:00] ultra_admin_log.INFO: dentro api.php [] []
[2024-10-31T14:57:12.000243+00:00] ultra_admin_log.INFO: Prima di restituire il router in api.php {"routes":[]} []
[2024-10-31T14:57:12.000489+00:00] ultra_admin_log.INFO: Tipo di valore restituito dal file delle rotte {"type":"object"} []
[2024-10-31T14:57:12.000623+00:00] ultra_admin_log.INFO: Router istanziato in RouteServiceProvider {"routes":[]} []
[2024-10-31T14:57:12.001131+00:00] ultra_admin_log.INFO: dentro Router.php dispatch {"routes":{"GET":{"/libraries":[{"Fabio\\UltraAdmin\\Controllers\\LibraryController":[]},"index"],"/libraries/create":[{"Fabio\\UltraAdmin\\Controllers\\LibraryController":[]},"create"],"/libraries/edit":[{"Fabio\\UltraAdmin\\Controllers\\LibraryController":[]},"edit"]},"POST":{"/libraries/store":[{"Fabio\\UltraAdmin\\Controllers\\LibraryController":[]},"store"],"/libraries/update":[{"Fabio\\UltraAdmin\\Controllers\\LibraryController":[]},"update"],"/libraries/delete":[{"Fabio\\UltraAdmin\\Controllers\\LibraryController":[]},"delete"]}}} []
[2024-10-31T14:57:12.001418+00:00] ultra_admin_log.INFO: dentro LibraryController.php index {"data":{"libraries":["Libreria 1","Libreria 2","Libreria 3"]}} []
[2024-10-31T14:57:12.001622+00:00] ultra_admin_log.INFO: viewPath {"viewPath":"/home/fabio/libraries/UltraAdmin/src/Controllers/../../resources/views/library_handler.html"} []
[2024-10-31T14:57:12.001862+00:00] ultra_admin_log.INFO: dentro Router.php dispatch {"routes":{"GET":{"/libraries":[{"Fabio\\UltraAdmin\\Controllers\\LibraryController":[]},"index"],"/libraries/create":[{"Fabio\\UltraAdmin\\Controllers\\LibraryController":[]},"create"],"/libraries/edit":[{"Fabio\\UltraAdmin\\Controllers\\LibraryController":[]},"edit"],"/":{"Closure":[]}},"POST":{"/libraries/store":[{"Fabio\\UltraAdmin\\Controllers\\LibraryController":[]},"store"],"/libraries/update":[{"Fabio\\UltraAdmin\\Controllers\\LibraryController":[]},"update"],"/libraries/delete":[{"Fabio\\UltraAdmin\\Controllers\\LibraryController":[]},"delete"]}}} []
[2024-10-31T14:57:12.002134+00:00] ultra_admin_log.INFO: dentro LibraryController.php index {"data":{"libraries":["Libreria 1","Libreria 2","Libreria 3"]}} []
[2024-10-31T14:57:12.002331+00:00] ultra_admin_log.INFO: viewPath {"viewPath":"/home/fabio/libraries/UltraAdmin/src/Controllers/../../resources/views/library_handler.html"} []
[2024-10-31T17:16:00.656467+00:00] ultra_admin_log.INFO: Applicazione avviata con successo [] []
[2024-10-31T17:16:43.703081+00:00] ultra_admin_log.INFO: Applicazione avviata con successo [] []
[2024-10-31T17:18:14.402388+00:00] ultra_admin_log.INFO: Applicazione avviata con successo [] []
[2024-10-31T17:18:14.403270+00:00] ultra_admin_log.INFO: RouteServiceProvider boot started [] []
[2024-10-31T17:18:14.403451+00:00] ultra_admin_log.INFO: Loading route file: /home/fabio/libraries/UltraAdmin/config/../routes/web.php [] []
[2024-10-31T17:18:14.403716+00:00] ultra_admin_log.INFO: dentro web.php [] []
[2024-10-31T17:18:14.403924+00:00] ultra_admin_log.INFO: dopo le route [] []
[2024-10-31T17:18:14.404057+00:00] ultra_admin_log.INFO: Prima di restituire il router in web.php {"routes":{"GET":{"/libraries":[{"Fabio\\UltraAdmin\\Controllers\\LibraryController":[]},"index"],"/libraries/create":[{"Fabio\\UltraAdmin\\Controllers\\LibraryController":[]},"create"],"/libraries/edit":[{"Fabio\\UltraAdmin\\Controllers\\LibraryController":[]},"edit"]},"POST":{"/libraries/store":[{"Fabio\\UltraAdmin\\Controllers\\LibraryController":[]},"store"],"/libraries/update":[{"Fabio\\UltraAdmin\\Controllers\\LibraryController":[]},"update"],"/libraries/delete":[{"Fabio\\UltraAdmin\\Controllers\\LibraryController":[]},"delete"]}}} []
[2024-10-31T17:18:14.404291+00:00] ultra_admin_log.INFO: Tipo di valore restituito dal file delle rotte {"type":"object"} []
[2024-10-31T17:18:14.404423+00:00] ultra_admin_log.INFO: Router istanziato in RouteServiceProvider {"routes":{"GET":{"/libraries":[{"Fabio\\UltraAdmin\\Controllers\\LibraryController":[]},"index"],"/libraries/create":[{"Fabio\\UltraAdmin\\Controllers\\LibraryController":[]},"create"],"/libraries/edit":[{"Fabio\\UltraAdmin\\Controllers\\LibraryController":[]},"edit"]},"POST":{"/libraries/store":[{"Fabio\\UltraAdmin\\Controllers\\LibraryController":[]},"store"],"/libraries/update":[{"Fabio\\UltraAdmin\\Controllers\\LibraryController":[]},"update"],"/libraries/delete":[{"Fabio\\UltraAdmin\\Controllers\\LibraryController":[]},"delete"]}}} []
[2024-10-31T17:18:14.404630+00:00] ultra_admin_log.INFO: Route aggiunta: GET /libraries [] []
[2024-10-31T17:18:14.404723+00:00] ultra_admin_log.INFO: Route aggiunta: GET /libraries/create [] []
[2024-10-31T17:18:14.404808+00:00] ultra_admin_log.INFO: Route aggiunta: GET /libraries/edit [] []
[2024-10-31T17:18:14.404925+00:00] ultra_admin_log.INFO: Route aggiunta: POST /libraries/store [] []
[2024-10-31T17:18:14.405053+00:00] ultra_admin_log.INFO: Route aggiunta: POST /libraries/update [] []
[2024-10-31T17:18:14.405138+00:00] ultra_admin_log.INFO: Route aggiunta: POST /libraries/delete [] []
[2024-10-31T17:18:14.405226+00:00] ultra_admin_log.INFO: Loading route file: /home/fabio/libraries/UltraAdmin/config/../routes/api.php [] []
[2024-10-31T17:18:14.405366+00:00] ultra_admin_log.INFO: dentro api.php [] []
[2024-10-31T17:18:14.405521+00:00] ultra_admin_log.INFO: Prima di restituire il router in api.php {"routes":[]} []
[2024-10-31T17:18:14.405653+00:00] ultra_admin_log.INFO: Tipo di valore restituito dal file delle rotte {"type":"object"} []
[2024-10-31T17:18:14.405781+00:00] ultra_admin_log.INFO: Router istanziato in RouteServiceProvider {"routes":[]} []
[2024-10-31T17:18:14.406303+00:00] ultra_admin_log.INFO: dentro Router.php dispatch {"routes":{"GET":{"/libraries":[{"Fabio\\UltraAdmin\\Controllers\\LibraryController":[]},"index"],"/libraries/create":[{"Fabio\\UltraAdmin\\Controllers\\LibraryController":[]},"create"],"/libraries/edit":[{"Fabio\\UltraAdmin\\Controllers\\LibraryController":[]},"edit"]},"POST":{"/libraries/store":[{"Fabio\\UltraAdmin\\Controllers\\LibraryController":[]},"store"],"/libraries/update":[{"Fabio\\UltraAdmin\\Controllers\\LibraryController":[]},"update"],"/libraries/delete":[{"Fabio\\UltraAdmin\\Controllers\\LibraryController":[]},"delete"]}}} []
[2024-10-31T17:18:14.406584+00:00] ultra_admin_log.INFO: dentro LibraryController.php index {"data":{"libraries":["Libreria 1","Libreria 2","Libreria 3"]}} []
[2024-10-31T17:18:14.406789+00:00] ultra_admin_log.INFO: viewPath {"viewPath":"/home/fabio/libraries/UltraAdmin/src/Controllers/../../resources/views/library_handler.html"} []
[2024-10-31T17:18:14.407039+00:00] ultra_admin_log.INFO: dentro Router.php dispatch {"routes":{"GET":{"/libraries":[{"Fabio\\UltraAdmin\\Controllers\\LibraryController":[]},"index"],"/libraries/create":[{"Fabio\\UltraAdmin\\Controllers\\LibraryController":[]},"create"],"/libraries/edit":[{"Fabio\\UltraAdmin\\Controllers\\LibraryController":[]},"edit"],"/":{"Closure":[]}},"POST":{"/libraries/store":[{"Fabio\\UltraAdmin\\Controllers\\LibraryController":[]},"store"],"/libraries/update":[{"Fabio\\UltraAdmin\\Controllers\\LibraryController":[]},"update"],"/libraries/delete":[{"Fabio\\UltraAdmin\\Controllers\\LibraryController":[]},"delete"]}}} []
[2024-10-31T17:18:14.407311+00:00] ultra_admin_log.INFO: dentro LibraryController.php index {"data":{"libraries":["Libreria 1","Libreria 2","Libreria 3"]}} []
[2024-10-31T17:18:14.407568+00:00] ultra_admin_log.INFO: viewPath {"viewPath":"/home/fabio/libraries/UltraAdmin/src/Controllers/../../resources/views/library_handler.html"} []
[2024-10-31T17:20:49.680842+00:00] ultra_admin_log.INFO: Applicazione avviata con successo [] []
[2024-10-31T17:20:49.681817+00:00] ultra_admin_log.INFO: RouteServiceProvider boot started [] []
[2024-10-31T17:20:49.682000+00:00] ultra_admin_log.INFO: Loading route file: /home/fabio/libraries/UltraAdmin/config/../routes/web.php [] []
[2024-10-31T17:20:49.682240+00:00] ultra_admin_log.INFO: dentro web.php [] []
[2024-10-31T17:20:49.682419+00:00] ultra_admin_log.INFO: dopo le route [] []
[2024-10-31T17:20:49.682580+00:00] ultra_admin_log.INFO: Prima di restituire il router in web.php {"routes":{"GET":{"/libraries":[{"Fabio\\UltraAdmin\\Controllers\\LibraryController":[]},"index"],"/libraries/create":[{"Fabio\\UltraAdmin\\Controllers\\LibraryController":[]},"create"],"/libraries/edit":[{"Fabio\\UltraAdmin\\Controllers\\LibraryController":[]},"edit"]},"POST":{"/libraries/store":[{"Fabio\\UltraAdmin\\Controllers\\LibraryController":[]},"store"],"/libraries/update":[{"Fabio\\UltraAdmin\\Controllers\\LibraryController":[]},"update"],"/libraries/delete":[{"Fabio\\UltraAdmin\\Controllers\\LibraryController":[]},"delete"]}}} []
[2024-10-31T17:20:49.682801+00:00] ultra_admin_log.INFO: Tipo di valore restituito dal file delle rotte {"type":"object"} []
[2024-10-31T17:20:49.682934+00:00] ultra_admin_log.INFO: Router istanziato in RouteServiceProvider {"routes":{"GET":{"/libraries":[{"Fabio\\UltraAdmin\\Controllers\\LibraryController":[]},"index"],"/libraries/create":[{"Fabio\\UltraAdmin\\Controllers\\LibraryController":[]},"create"],"/libraries/edit":[{"Fabio\\UltraAdmin\\Controllers\\LibraryController":[]},"edit"]},"POST":{"/libraries/store":[{"Fabio\\UltraAdmin\\Controllers\\LibraryController":[]},"store"],"/libraries/update":[{"Fabio\\UltraAdmin\\Controllers\\LibraryController":[]},"update"],"/libraries/delete":[{"Fabio\\UltraAdmin\\Controllers\\LibraryController":[]},"delete"]}}} []
[2024-10-31T17:20:49.683143+00:00] ultra_admin_log.INFO: Route aggiunta: GET /libraries [] []
[2024-10-31T17:20:49.683237+00:00] ultra_admin_log.INFO: Route aggiunta: GET /libraries/create [] []
[2024-10-31T17:20:49.683353+00:00] ultra_admin_log.INFO: Route aggiunta: GET /libraries/edit [] []
[2024-10-31T17:20:49.683484+00:00] ultra_admin_log.INFO: Route aggiunta: POST /libraries/store [] []
[2024-10-31T17:20:49.683611+00:00] ultra_admin_log.INFO: Route aggiunta: POST /libraries/update [] []
[2024-10-31T17:20:49.683737+00:00] ultra_admin_log.INFO: Route aggiunta: POST /libraries/delete [] []
[2024-10-31T17:20:49.683868+00:00] ultra_admin_log.INFO: Loading route file: /home/fabio/libraries/UltraAdmin/config/../routes/api.php [] []
[2024-10-31T17:20:49.684052+00:00] ultra_admin_log.INFO: dentro api.php [] []
[2024-10-31T17:20:49.684209+00:00] ultra_admin_log.INFO: Prima di restituire il router in api.php {"routes":[]} []
[2024-10-31T17:20:49.684340+00:00] ultra_admin_log.INFO: Tipo di valore restituito dal file delle rotte {"type":"object"} []
[2024-10-31T17:20:49.684468+00:00] ultra_admin_log.INFO: Router istanziato in RouteServiceProvider {"routes":[]} []
[2024-10-31T17:27:41.361693+00:00] ultra_admin_log.INFO: Applicazione avviata con successo [] []
[2024-10-31T17:27:41.362329+00:00] ultra_admin_log.INFO: RouteServiceProvider boot started [] []
[2024-10-31T17:27:41.362506+00:00] ultra_admin_log.INFO: Loading route file: /home/fabio/libraries/UltraAdmin/config/../routes/web.php [] []
[2024-10-31T17:27:41.362873+00:00] ultra_admin_log.INFO: Tipo di valore restituito dal file delle rotte {"type":"object"} []
[2024-10-31T17:27:41.363015+00:00] ultra_admin_log.ERROR: Istanza di Router non valida [] []
[2024-10-31T17:27:41.363116+00:00] ultra_admin_log.INFO: Loading route file: /home/fabio/libraries/UltraAdmin/config/../routes/api.php [] []
[2024-10-31T17:27:41.363299+00:00] ultra_admin_log.INFO: dentro api.php [] []
[2024-10-31T17:27:41.363459+00:00] ultra_admin_log.INFO: Prima di restituire il router in api.php {"routes":[]} []
[2024-10-31T17:27:41.363604+00:00] ultra_admin_log.INFO: Tipo di valore restituito dal file delle rotte {"type":"object"} []
[2024-10-31T17:27:41.363733+00:00] ultra_admin_log.INFO: Router istanziato in RouteServiceProvider {"routes":[]} []
[2024-10-31T17:31:00.775287+00:00] ultra_admin_log.INFO: Applicazione avviata con successo [] []
[2024-10-31T17:31:00.776321+00:00] ultra_admin_log.INFO: dentro web.php [] []
[2024-10-31T17:31:00.776506+00:00] ultra_admin_log.INFO: dopo le route [] []
[2024-10-31T17:31:00.776639+00:00] ultra_admin_log.INFO: Prima di restituire il router in web.php {"routes":{"GET":{"/libraries":[{"Fabio\\UltraAdmin\\Controllers\\LibraryController":[]},"index"],"/libraries/create":[{"Fabio\\UltraAdmin\\Controllers\\LibraryController":[]},"create"],"/libraries/edit":[{"Fabio\\UltraAdmin\\Controllers\\LibraryController":[]},"edit"],"/":{"Closure":[]}},"POST":{"/libraries/store":[{"Fabio\\UltraAdmin\\Controllers\\LibraryController":[]},"store"],"/libraries/update":[{"Fabio\\UltraAdmin\\Controllers\\LibraryController":[]},"update"],"/libraries/delete":[{"Fabio\\UltraAdmin\\Controllers\\LibraryController":[]},"delete"]}}} []
[2024-10-31T17:31:00.776913+00:00] ultra_admin_log.INFO: RouteServiceProvider boot started [] []
[2024-10-31T17:31:00.777081+00:00] ultra_admin_log.INFO: Loading route file: /home/fabio/libraries/UltraAdmin/config/../routes/web.php [] []
[2024-10-31T17:31:00.777216+00:00] ultra_admin_log.INFO: Tipo di valore restituito dal file delle rotte {"type":"object"} []
[2024-10-31T17:31:00.777346+00:00] ultra_admin_log.ERROR: Istanza di Router non valida [] []
[2024-10-31T17:31:00.777534+00:00] ultra_admin_log.INFO: Loading route file: /home/fabio/libraries/UltraAdmin/config/../routes/api.php [] []
[2024-10-31T17:31:00.777718+00:00] ultra_admin_log.INFO: dentro api.php [] []
[2024-10-31T17:31:00.777873+00:00] ultra_admin_log.INFO: Prima di restituire il router in api.php {"routes":[]} []
[2024-10-31T17:31:00.778003+00:00] ultra_admin_log.INFO: Tipo di valore restituito dal file delle rotte {"type":"object"} []
[2024-10-31T17:31:00.778130+00:00] ultra_admin_log.INFO: Router istanziato in RouteServiceProvider {"routes":[]} []
[2024-10-31T17:31:25.729400+00:00] ultra_admin_log.INFO: Applicazione avviata con successo [] []
[2024-10-31T17:31:25.734585+00:00] ultra_admin_log.INFO: dentro web.php [] []
[2024-10-31T17:31:25.734846+00:00] ultra_admin_log.INFO: dopo le route [] []
[2024-10-31T17:31:25.734987+00:00] ultra_admin_log.INFO: Prima di restituire il router in web.php {"routes":{"GET":{"/libraries":[{"Fabio\\UltraAdmin\\Controllers\\LibraryController":[]},"index"],"/libraries/create":[{"Fabio\\UltraAdmin\\Controllers\\LibraryController":[]},"create"],"/libraries/edit":[{"Fabio\\UltraAdmin\\Controllers\\LibraryController":[]},"edit"],"/":{"Closure":[]}},"POST":{"/libraries/store":[{"Fabio\\UltraAdmin\\Controllers\\LibraryController":[]},"store"],"/libraries/update":[{"Fabio\\UltraAdmin\\Controllers\\LibraryController":[]},"update"],"/libraries/delete":[{"Fabio\\UltraAdmin\\Controllers\\LibraryController":[]},"delete"]}}} []
[2024-10-31T17:31:25.735275+00:00] ultra_admin_log.INFO: RouteServiceProvider boot started [] []
[2024-10-31T17:31:25.735453+00:00] ultra_admin_log.INFO: Loading route file: /home/fabio/libraries/UltraAdmin/config/../routes/web.php [] []
[2024-10-31T17:31:25.735623+00:00] ultra_admin_log.INFO: Tipo di valore restituito dal file delle rotte {"type":"object"} []
[2024-10-31T17:31:25.735792+00:00] ultra_admin_log.ERROR: Istanza di Router non valida [] []
[2024-10-31T17:31:25.735931+00:00] ultra_admin_log.INFO: Loading route file: /home/fabio/libraries/UltraAdmin/config/../routes/api.php [] []
[2024-10-31T17:31:25.736179+00:00] ultra_admin_log.INFO: dentro api.php [] []
[2024-10-31T17:31:25.736344+00:00] ultra_admin_log.INFO: Prima di restituire il router in api.php {"routes":[]} []
[2024-10-31T17:31:25.736479+00:00] ultra_admin_log.INFO: Tipo di valore restituito dal file delle rotte {"type":"object"} []
[2024-10-31T17:31:25.736610+00:00] ultra_admin_log.INFO: Router istanziato in RouteServiceProvider {"routes":[]} []
[2024-10-31T17:31:55.187277+00:00] ultra_admin_log.INFO: Applicazione avviata con successo [] []
[2024-10-31T17:31:55.187966+00:00] ultra_admin_log.INFO: dentro web.php [] []
[2024-10-31T17:31:55.188155+00:00] ultra_admin_log.INFO: dopo le route [] []
[2024-10-31T17:31:55.188291+00:00] ultra_admin_log.INFO: Prima di restituire il router in web.php {"routes":{"GET":{"/libraries":[{"Fabio\\UltraAdmin\\Controllers\\LibraryController":[]},"index"],"/libraries/create":[{"Fabio\\UltraAdmin\\Controllers\\LibraryController":[]},"create"],"/libraries/edit":[{"Fabio\\UltraAdmin\\Controllers\\LibraryController":[]},"edit"],"/":{"Closure":[]}},"POST":{"/libraries/store":[{"Fabio\\UltraAdmin\\Controllers\\LibraryController":[]},"store"],"/libraries/update":[{"Fabio\\UltraAdmin\\Controllers\\LibraryController":[]},"update"],"/libraries/delete":[{"Fabio\\UltraAdmin\\Controllers\\LibraryController":[]},"delete"]}}} []
[2024-10-31T17:31:55.188571+00:00] ultra_admin_log.INFO: RouteServiceProvider boot started [] []
[2024-10-31T17:31:55.188745+00:00] ultra_admin_log.INFO: Loading route file: /home/fabio/libraries/UltraAdmin/config/../routes/web.php [] []
[2024-10-31T17:31:55.188884+00:00] ultra_admin_log.INFO: Tipo di valore restituito dal file delle rotte {"type":"object"} []
[2024-10-31T17:31:55.189019+00:00] ultra_admin_log.ERROR: Istanza di Router non valida [] []
[2024-10-31T17:31:55.189156+00:00] ultra_admin_log.INFO: Loading route file: /home/fabio/libraries/UltraAdmin/config/../routes/api.php [] []
[2024-10-31T17:31:55.189340+00:00] ultra_admin_log.INFO: dentro api.php [] []
[2024-10-31T17:31:55.189503+00:00] ultra_admin_log.INFO: Prima di restituire il router in api.php {"routes":[]} []
[2024-10-31T17:31:55.189600+00:00] ultra_admin_log.INFO: Tipo di valore restituito dal file delle rotte {"type":"object"} []
[2024-10-31T17:31:55.189736+00:00] ultra_admin_log.INFO: Router istanziato in RouteServiceProvider {"routes":[]} []
[2024-10-31T17:32:42.733628+00:00] ultra_admin_log.INFO: Applicazione avviata con successo [] []
[2024-10-31T17:32:42.734280+00:00] ultra_admin_log.INFO: dentro web.php [] []
[2024-10-31T17:32:42.734468+00:00] ultra_admin_log.INFO: dopo le route [] []
[2024-10-31T17:32:42.734604+00:00] ultra_admin_log.INFO: Prima di restituire il router in web.php {"routes":{"GET":{"/libraries":[{"Fabio\\UltraAdmin\\Controllers\\LibraryController":[]},"index"],"/libraries/create":[{"Fabio\\UltraAdmin\\Controllers\\LibraryController":[]},"create"],"/libraries/edit":[{"Fabio\\UltraAdmin\\Controllers\\LibraryController":[]},"edit"],"/":{"Closure":[]}},"POST":{"/libraries/store":[{"Fabio\\UltraAdmin\\Controllers\\LibraryController":[]},"store"],"/libraries/update":[{"Fabio\\UltraAdmin\\Controllers\\LibraryController":[]},"update"],"/libraries/delete":[{"Fabio\\UltraAdmin\\Controllers\\LibraryController":[]},"delete"]}}} []
[2024-10-31T17:32:42.734883+00:00] ultra_admin_log.INFO: RouteServiceProvider boot started [] []
[2024-10-31T17:32:42.735056+00:00] ultra_admin_log.INFO: Loading route file: /home/fabio/libraries/UltraAdmin/config/../routes/web.php [] []
[2024-10-31T17:32:42.735195+00:00] ultra_admin_log.INFO: Tipo di valore restituito dal file delle rotte {"type":"object"} []
[2024-10-31T17:32:42.735329+00:00] ultra_admin_log.ERROR: Istanza di Router non valida [] []
[2024-10-31T17:32:42.735464+00:00] ultra_admin_log.INFO: Loading route file: /home/fabio/libraries/UltraAdmin/config/../routes/api.php [] []
[2024-10-31T17:32:42.735648+00:00] ultra_admin_log.INFO: dentro api.php [] []
[2024-10-31T17:32:42.735808+00:00] ultra_admin_log.INFO: Prima di restituire il router in api.php {"routes":[]} []
[2024-10-31T17:32:42.735941+00:00] ultra_admin_log.INFO: Tipo di valore restituito dal file delle rotte {"type":"object"} []
[2024-10-31T17:32:42.736071+00:00] ultra_admin_log.INFO: Router istanziato in RouteServiceProvider {"routes":[]} []
[2024-10-31T17:32:42.736544+00:00] ultra_admin_log.INFO: dentro Router.php dispatch {"routes":{"GET":{"/libraries":[{"Fabio\\UltraAdmin\\Controllers\\LibraryController":[]},"index"],"/libraries/create":[{"Fabio\\UltraAdmin\\Controllers\\LibraryController":[]},"create"],"/libraries/edit":[{"Fabio\\UltraAdmin\\Controllers\\LibraryController":[]},"edit"],"/":{"Closure":[]}},"POST":{"/libraries/store":[{"Fabio\\UltraAdmin\\Controllers\\LibraryController":[]},"store"],"/libraries/update":[{"Fabio\\UltraAdmin\\Controllers\\LibraryController":[]},"update"],"/libraries/delete":[{"Fabio\\UltraAdmin\\Controllers\\LibraryController":[]},"delete"]}}} []
[2024-10-31T17:32:45.349347+00:00] ultra_admin_log.INFO: Applicazione avviata con successo [] []
[2024-10-31T17:32:45.350012+00:00] ultra_admin_log.INFO: dentro web.php [] []
[2024-10-31T17:32:45.350201+00:00] ultra_admin_log.INFO: dopo le route [] []
[2024-10-31T17:32:45.350337+00:00] ultra_admin_log.INFO: Prima di restituire il router in web.php {"routes":{"GET":{"/libraries":[{"Fabio\\UltraAdmin\\Controllers\\LibraryController":[]},"index"],"/libraries/create":[{"Fabio\\UltraAdmin\\Controllers\\LibraryController":[]},"create"],"/libraries/edit":[{"Fabio\\UltraAdmin\\Controllers\\LibraryController":[]},"edit"],"/":{"Closure":[]}},"POST":{"/libraries/store":[{"Fabio\\UltraAdmin\\Controllers\\LibraryController":[]},"store"],"/libraries/update":[{"Fabio\\UltraAdmin\\Controllers\\LibraryController":[]},"update"],"/libraries/delete":[{"Fabio\\UltraAdmin\\Controllers\\LibraryController":[]},"delete"]}}} []
[2024-10-31T17:32:45.350615+00:00] ultra_admin_log.INFO: RouteServiceProvider boot started [] []
[2024-10-31T17:32:45.350791+00:00] ultra_admin_log.INFO: Loading route file: /home/fabio/libraries/UltraAdmin/config/../routes/web.php [] []
[2024-10-31T17:32:45.350931+00:00] ultra_admin_log.INFO: Tipo di valore restituito dal file delle rotte {"type":"object"} []
[2024-10-31T17:32:45.351065+00:00] ultra_admin_log.ERROR: Istanza di Router non valida [] []
[2024-10-31T17:32:45.351201+00:00] ultra_admin_log.INFO: Loading route file: /home/fabio/libraries/UltraAdmin/config/../routes/api.php [] []
[2024-10-31T17:32:45.351384+00:00] ultra_admin_log.INFO: dentro api.php [] []
[2024-10-31T17:32:45.351544+00:00] ultra_admin_log.INFO: Prima di restituire il router in api.php {"routes":[]} []
[2024-10-31T17:32:45.351678+00:00] ultra_admin_log.INFO: Tipo di valore restituito dal file delle rotte {"type":"object"} []
[2024-10-31T17:32:45.351843+00:00] ultra_admin_log.INFO: Router istanziato in RouteServiceProvider {"routes":[]} []
[2024-10-31T17:32:45.352317+00:00] ultra_admin_log.INFO: dentro Router.php dispatch {"routes":{"GET":{"/libraries":[{"Fabio\\UltraAdmin\\Controllers\\LibraryController":[]},"index"],"/libraries/create":[{"Fabio\\UltraAdmin\\Controllers\\LibraryController":[]},"create"],"/libraries/edit":[{"Fabio\\UltraAdmin\\Controllers\\LibraryController":[]},"edit"],"/":{"Closure":[]}},"POST":{"/libraries/store":[{"Fabio\\UltraAdmin\\Controllers\\LibraryController":[]},"store"],"/libraries/update":[{"Fabio\\UltraAdmin\\Controllers\\LibraryController":[]},"update"],"/libraries/delete":[{"Fabio\\UltraAdmin\\Controllers\\LibraryController":[]},"delete"]}}} []
[2024-10-31T17:32:45.352606+00:00] ultra_admin_log.INFO: dentro LibraryController.php index {"data":{"libraries":["Libreria 1","Libreria 2","Libreria 3"]}} []
[2024-10-31T17:32:45.352840+00:00] ultra_admin_log.INFO: viewPath {"viewPath":"/home/fabio/libraries/UltraAdmin/src/Controllers/../../resources/views/library_handler.html"} []
[2024-10-31T17:39:55.552364+00:00] ultra_admin_log.INFO: Applicazione avviata con successo [] []
[2024-10-31T17:39:55.553423+00:00] ultra_admin_log.INFO: dentro web.php [] []
[2024-10-31T17:39:55.553618+00:00] ultra_admin_log.INFO: dopo le route [] []
[2024-10-31T17:39:55.553758+00:00] ultra_admin_log.INFO: Prima di restituire il router in web.php {"routes":{"GET":{"/":[{"Fabio\\UltraAdmin\\Controllers\\LibraryController":[]},"home"],"/libraries":[{"Fabio\\UltraAdmin\\Controllers\\LibraryController":[]},"index"],"/libraries/create":[{"Fabio\\UltraAdmin\\Controllers\\LibraryController":[]},"create"],"/libraries/edit":[{"Fabio\\UltraAdmin\\Controllers\\LibraryController":[]},"edit"]},"POST":{"/libraries/store":[{"Fabio\\UltraAdmin\\Controllers\\LibraryController":[]},"store"],"/libraries/update":[{"Fabio\\UltraAdmin\\Controllers\\LibraryController":[]},"update"],"/libraries/delete":[{"Fabio\\UltraAdmin\\Controllers\\LibraryController":[]},"delete"]}}} []
[2024-10-31T17:39:55.554055+00:00] ultra_admin_log.INFO: RouteServiceProvider boot started [] []
[2024-10-31T17:39:55.554231+00:00] ultra_admin_log.INFO: Loading route file: /home/fabio/libraries/UltraAdmin/config/../routes/web.php [] []
[2024-10-31T17:39:55.554372+00:00] ultra_admin_log.INFO: Tipo di valore restituito dal file delle rotte {"type":"object"} []
[2024-10-31T17:39:55.554508+00:00] ultra_admin_log.ERROR: Istanza di Router non valida [] []
[2024-10-31T17:39:55.554646+00:00] ultra_admin_log.INFO: Loading route file: /home/fabio/libraries/UltraAdmin/config/../routes/api.php [] []
[2024-10-31T17:39:55.554837+00:00] ultra_admin_log.INFO: dentro api.php [] []
[2024-10-31T17:39:55.555023+00:00] ultra_admin_log.INFO: Prima di restituire il router in api.php {"routes":[]} []
[2024-10-31T17:39:55.555157+00:00] ultra_admin_log.INFO: Tipo di valore restituito dal file delle rotte {"type":"object"} []
[2024-10-31T17:39:55.555287+00:00] ultra_admin_log.INFO: Router istanziato in RouteServiceProvider {"routes":[]} []
[2024-10-31T17:39:55.555803+00:00] ultra_admin_log.INFO: dentro Router.php dispatch {"routes":{"GET":{"/":[{"Fabio\\UltraAdmin\\Controllers\\LibraryController":[]},"home"],"/libraries":[{"Fabio\\UltraAdmin\\Controllers\\LibraryController":[]},"index"],"/libraries/create":[{"Fabio\\UltraAdmin\\Controllers\\LibraryController":[]},"create"],"/libraries/edit":[{"Fabio\\UltraAdmin\\Controllers\\LibraryController":[]},"edit"]},"POST":{"/libraries/store":[{"Fabio\\UltraAdmin\\Controllers\\LibraryController":[]},"store"],"/libraries/update":[{"Fabio\\UltraAdmin\\Controllers\\LibraryController":[]},"update"],"/libraries/delete":[{"Fabio\\UltraAdmin\\Controllers\\LibraryController":[]},"delete"]}}} []
[2024-10-31T17:39:55.556095+00:00] ultra_admin_log.INFO: Caricamento della homepage [] []
[2024-10-31T17:39:55.556294+00:00] ultra_admin_log.INFO: viewPath {"viewPath":"/home/fabio/libraries/UltraAdmin/src/Controllers/../../resources/views/home.html"} []
[2024-10-31T17:40:03.286391+00:00] ultra_admin_log.INFO: Applicazione avviata con successo [] []
[2024-10-31T17:40:03.287038+00:00] ultra_admin_log.INFO: dentro web.php [] []
[2024-10-31T17:40:03.287227+00:00] ultra_admin_log.INFO: dopo le route [] []
[2024-10-31T17:40:03.287364+00:00] ultra_admin_log.INFO: Prima di restituire il router in web.php {"routes":{"GET":{"/":[{"Fabio\\UltraAdmin\\Controllers\\LibraryController":[]},"home"],"/libraries":[{"Fabio\\UltraAdmin\\Controllers\\LibraryController":[]},"index"],"/libraries/create":[{"Fabio\\UltraAdmin\\Controllers\\LibraryController":[]},"create"],"/libraries/edit":[{"Fabio\\UltraAdmin\\Controllers\\LibraryController":[]},"edit"]},"POST":{"/libraries/store":[{"Fabio\\UltraAdmin\\Controllers\\LibraryController":[]},"store"],"/libraries/update":[{"Fabio\\UltraAdmin\\Controllers\\LibraryController":[]},"update"],"/libraries/delete":[{"Fabio\\UltraAdmin\\Controllers\\LibraryController":[]},"delete"]}}} []
[2024-10-31T17:40:03.287716+00:00] ultra_admin_log.INFO: RouteServiceProvider boot started [] []
[2024-10-31T17:40:03.287890+00:00] ultra_admin_log.INFO: Loading route file: /home/fabio/libraries/UltraAdmin/config/../routes/web.php [] []
[2024-10-31T17:40:03.288030+00:00] ultra_admin_log.INFO: Tipo di valore restituito dal file delle rotte {"type":"object"} []
[2024-10-31T17:40:03.288165+00:00] ultra_admin_log.ERROR: Istanza di Router non valida [] []
[2024-10-31T17:40:03.288302+00:00] ultra_admin_log.INFO: Loading route file: /home/fabio/libraries/UltraAdmin/config/../routes/api.php [] []
[2024-10-31T17:40:03.288488+00:00] ultra_admin_log.INFO: dentro api.php [] []
[2024-10-31T17:40:03.288649+00:00] ultra_admin_log.INFO: Prima di restituire il router in api.php {"routes":[]} []
[2024-10-31T17:40:03.288783+00:00] ultra_admin_log.INFO: Tipo di valore restituito dal file delle rotte {"type":"object"} []
[2024-10-31T17:40:03.288928+00:00] ultra_admin_log.INFO: Router istanziato in RouteServiceProvider {"routes":[]} []
[2024-10-31T17:40:03.289448+00:00] ultra_admin_log.INFO: dentro Router.php dispatch {"routes":{"GET":{"/":[{"Fabio\\UltraAdmin\\Controllers\\LibraryController":[]},"home"],"/libraries":[{"Fabio\\UltraAdmin\\Controllers\\LibraryController":[]},"index"],"/libraries/create":[{"Fabio\\UltraAdmin\\Controllers\\LibraryController":[]},"create"],"/libraries/edit":[{"Fabio\\UltraAdmin\\Controllers\\LibraryController":[]},"edit"]},"POST":{"/libraries/store":[{"Fabio\\UltraAdmin\\Controllers\\LibraryController":[]},"store"],"/libraries/update":[{"Fabio\\UltraAdmin\\Controllers\\LibraryController":[]},"update"],"/libraries/delete":[{"Fabio\\UltraAdmin\\Controllers\\LibraryController":[]},"delete"]}}} []
[2024-10-31T17:40:03.289740+00:00] ultra_admin_log.INFO: dentro LibraryController.php index {"data":{"libraries":["Libreria 1","Libreria 2","Libreria 3"]}} []
[2024-10-31T17:40:03.289947+00:00] ultra_admin_log.INFO: viewPath {"viewPath":"/home/fabio/libraries/UltraAdmin/src/Controllers/../../resources/views/library_handler.html"} []
[2024-10-31T17:41:00.661437+00:00] ultra_admin_log.INFO: Applicazione avviata con successo [] []
[2024-10-31T17:41:00.662076+00:00] ultra_admin_log.INFO: dentro web.php [] []
[2024-10-31T17:41:00.662266+00:00] ultra_admin_log.INFO: dopo le route [] []
[2024-10-31T17:41:00.662403+00:00] ultra_admin_log.INFO: Prima di restituire il router in web.php {"routes":{"GET":{"/":[{"Fabio\\UltraAdmin\\Controllers\\LibraryController":[]},"home"],"/libraries":[{"Fabio\\UltraAdmin\\Controllers\\LibraryController":[]},"index"],"/libraries/create":[{"Fabio\\UltraAdmin\\Controllers\\LibraryController":[]},"create"],"/libraries/edit":[{"Fabio\\UltraAdmin\\Controllers\\LibraryController":[]},"edit"]},"POST":{"/libraries/store":[{"Fabio\\UltraAdmin\\Controllers\\LibraryController":[]},"store"],"/libraries/update":[{"Fabio\\UltraAdmin\\Controllers\\LibraryController":[]},"update"],"/libraries/delete":[{"Fabio\\UltraAdmin\\Controllers\\LibraryController":[]},"delete"]}}} []
[2024-10-31T17:41:00.662685+00:00] ultra_admin_log.INFO: RouteServiceProvider boot started [] []
[2024-10-31T17:41:00.662858+00:00] ultra_admin_log.INFO: Loading route file: /home/fabio/libraries/UltraAdmin/config/../routes/web.php [] []
[2024-10-31T17:41:00.662996+00:00] ultra_admin_log.INFO: Tipo di valore restituito dal file delle rotte {"type":"object"} []
[2024-10-31T17:41:00.663130+00:00] ultra_admin_log.ERROR: Istanza di Router non valida [] []
[2024-10-31T17:41:00.663266+00:00] ultra_admin_log.INFO: Loading route file: /home/fabio/libraries/UltraAdmin/config/../routes/api.php [] []
[2024-10-31T17:41:00.663450+00:00] ultra_admin_log.INFO: dentro api.php [] []
[2024-10-31T17:41:00.663610+00:00] ultra_admin_log.INFO: Prima di restituire il router in api.php {"routes":[]} []
[2024-10-31T17:41:00.663744+00:00] ultra_admin_log.INFO: Tipo di valore restituito dal file delle rotte {"type":"object"} []
[2024-10-31T17:41:00.663874+00:00] ultra_admin_log.INFO: Router istanziato in RouteServiceProvider {"routes":[]} []
[2024-10-31T17:41:00.664347+00:00] ultra_admin_log.INFO: dentro Router.php dispatch {"routes":{"GET":{"/":[{"Fabio\\UltraAdmin\\Controllers\\LibraryController":[]},"home"],"/libraries":[{"Fabio\\UltraAdmin\\Controllers\\LibraryController":[]},"index"],"/libraries/create":[{"Fabio\\UltraAdmin\\Controllers\\LibraryController":[]},"create"],"/libraries/edit":[{"Fabio\\UltraAdmin\\Controllers\\LibraryController":[]},"edit"]},"POST":{"/libraries/store":[{"Fabio\\UltraAdmin\\Controllers\\LibraryController":[]},"store"],"/libraries/update":[{"Fabio\\UltraAdmin\\Controllers\\LibraryController":[]},"update"],"/libraries/delete":[{"Fabio\\UltraAdmin\\Controllers\\LibraryController":[]},"delete"]}}} []
[2024-10-31T17:41:00.664637+00:00] ultra_admin_log.INFO: dentro LibraryController.php index {"data":{"libraries":["Libreria 1","Libreria 2","Libreria 3"]}} []
[2024-10-31T17:41:00.664857+00:00] ultra_admin_log.INFO: viewPath {"viewPath":"/home/fabio/libraries/UltraAdmin/src/Controllers/../../resources/views/library_handler.html"} []
[2024-10-31T17:45:25.841938+00:00] ultra_admin_log.INFO: Applicazione avviata con successo [] []
[2024-10-31T17:45:25.842634+00:00] ultra_admin_log.INFO: dentro web.php [] []
[2024-10-31T17:45:25.842823+00:00] ultra_admin_log.INFO: dopo le route [] []
[2024-10-31T17:45:25.842959+00:00] ultra_admin_log.INFO: Prima di restituire il router in web.php {"routes":{"GET":{"/":[{"Fabio\\UltraAdmin\\Controllers\\LibraryController":[]},"home"],"/libraries":[{"Fabio\\UltraAdmin\\Controllers\\LibraryController":[]},"index"],"/libraries/create":[{"Fabio\\UltraAdmin\\Controllers\\LibraryController":[]},"create"],"/libraries/edit":[{"Fabio\\UltraAdmin\\Controllers\\LibraryController":[]},"edit"]},"POST":{"/libraries/store":[{"Fabio\\UltraAdmin\\Controllers\\LibraryController":[]},"store"],"/libraries/update":[{"Fabio\\UltraAdmin\\Controllers\\LibraryController":[]},"update"],"/libraries/delete":[{"Fabio\\UltraAdmin\\Controllers\\LibraryController":[]},"delete"]}}} []
[2024-10-31T17:45:25.843242+00:00] ultra_admin_log.INFO: RouteServiceProvider boot started [] []
[2024-10-31T17:45:25.843414+00:00] ultra_admin_log.INFO: Loading route file: /home/fabio/libraries/UltraAdmin/config/../routes/web.php [] []
[2024-10-31T17:45:25.843553+00:00] ultra_admin_log.INFO: Tipo di valore restituito dal file delle rotte {"type":"object"} []
[2024-10-31T17:45:25.843687+00:00] ultra_admin_log.ERROR: Istanza di Router non valida [] []
[2024-10-31T17:45:25.843823+00:00] ultra_admin_log.INFO: Loading route file: /home/fabio/libraries/UltraAdmin/config/../routes/api.php [] []
[2024-10-31T17:45:25.844012+00:00] ultra_admin_log.INFO: dentro api.php [] []
[2024-10-31T17:45:25.844171+00:00] ultra_admin_log.INFO: Prima di restituire il router in api.php {"routes":[]} []
[2024-10-31T17:45:25.844305+00:00] ultra_admin_log.INFO: Tipo di valore restituito dal file delle rotte {"type":"object"} []
[2024-10-31T17:45:25.844436+00:00] ultra_admin_log.INFO: Router istanziato in RouteServiceProvider {"routes":[]} []
[2024-10-31T17:45:25.844946+00:00] ultra_admin_log.INFO: dentro Router.php dispatch {"routes":{"GET":{"/":[{"Fabio\\UltraAdmin\\Controllers\\LibraryController":[]},"home"],"/libraries":[{"Fabio\\UltraAdmin\\Controllers\\LibraryController":[]},"index"],"/libraries/create":[{"Fabio\\UltraAdmin\\Controllers\\LibraryController":[]},"create"],"/libraries/edit":[{"Fabio\\UltraAdmin\\Controllers\\LibraryController":[]},"edit"]},"POST":{"/libraries/store":[{"Fabio\\UltraAdmin\\Controllers\\LibraryController":[]},"store"],"/libraries/update":[{"Fabio\\UltraAdmin\\Controllers\\LibraryController":[]},"update"],"/libraries/delete":[{"Fabio\\UltraAdmin\\Controllers\\LibraryController":[]},"delete"]}}} []
[2024-10-31T17:45:25.845318+00:00] ultra_admin_log.INFO: Caricamento della homepage [] []
[2024-10-31T17:45:25.845515+00:00] ultra_admin_log.INFO: viewPath {"viewPath":"/home/fabio/libraries/UltraAdmin/src/Controllers/../../resources/views/home.html"} []
[2024-10-31T17:45:28.891585+00:00] ultra_admin_log.INFO: Applicazione avviata con successo [] []
[2024-10-31T17:45:28.892220+00:00] ultra_admin_log.INFO: dentro web.php [] []
[2024-10-31T17:45:28.892414+00:00] ultra_admin_log.INFO: dopo le route [] []
[2024-10-31T17:45:28.892573+00:00] ultra_admin_log.INFO: Prima di restituire il router in web.php {"routes":{"GET":{"/":[{"Fabio\\UltraAdmin\\Controllers\\LibraryController":[]},"home"],"/libraries":[{"Fabio\\UltraAdmin\\Controllers\\LibraryController":[]},"index"],"/libraries/create":[{"Fabio\\UltraAdmin\\Controllers\\LibraryController":[]},"create"],"/libraries/edit":[{"Fabio\\UltraAdmin\\Controllers\\LibraryController":[]},"edit"]},"POST":{"/libraries/store":[{"Fabio\\UltraAdmin\\Controllers\\LibraryController":[]},"store"],"/libraries/update":[{"Fabio\\UltraAdmin\\Controllers\\LibraryController":[]},"update"],"/libraries/delete":[{"Fabio\\UltraAdmin\\Controllers\\LibraryController":[]},"delete"]}}} []
[2024-10-31T17:45:28.892870+00:00] ultra_admin_log.INFO: RouteServiceProvider boot started [] []
[2024-10-31T17:45:28.893042+00:00] ultra_admin_log.INFO: Loading route file: /home/fabio/libraries/UltraAdmin/config/../routes/web.php [] []
[2024-10-31T17:45:28.893181+00:00] ultra_admin_log.INFO: Tipo di valore restituito dal file delle rotte {"type":"object"} []
[2024-10-31T17:45:28.893314+00:00] ultra_admin_log.ERROR: Istanza di Router non valida [] []
[2024-10-31T17:45:28.893449+00:00] ultra_admin_log.INFO: Loading route file: /home/fabio/libraries/UltraAdmin/config/../routes/api.php [] []
[2024-10-31T17:45:28.893745+00:00] ultra_admin_log.INFO: dentro api.php [] []
[2024-10-31T17:45:28.893907+00:00] ultra_admin_log.INFO: Prima di restituire il router in api.php {"routes":[]} []
[2024-10-31T17:45:28.894041+00:00] ultra_admin_log.INFO: Tipo di valore restituito dal file delle rotte {"type":"object"} []
[2024-10-31T17:45:28.894170+00:00] ultra_admin_log.INFO: Router istanziato in RouteServiceProvider {"routes":[]} []
[2024-10-31T17:45:28.894699+00:00] ultra_admin_log.INFO: dentro Router.php dispatch {"routes":{"GET":{"/":[{"Fabio\\UltraAdmin\\Controllers\\LibraryController":[]},"home"],"/libraries":[{"Fabio\\UltraAdmin\\Controllers\\LibraryController":[]},"index"],"/libraries/create":[{"Fabio\\UltraAdmin\\Controllers\\LibraryController":[]},"create"],"/libraries/edit":[{"Fabio\\UltraAdmin\\Controllers\\LibraryController":[]},"edit"]},"POST":{"/libraries/store":[{"Fabio\\UltraAdmin\\Controllers\\LibraryController":[]},"store"],"/libraries/update":[{"Fabio\\UltraAdmin\\Controllers\\LibraryController":[]},"update"],"/libraries/delete":[{"Fabio\\UltraAdmin\\Controllers\\LibraryController":[]},"delete"]}}} []
[2024-10-31T17:45:28.895018+00:00] ultra_admin_log.INFO: dentro LibraryController.php index {"data":{"libraries":["Libreria 1","Libreria 2","Libreria 3"]}} []
[2024-10-31T17:45:28.895224+00:00] ultra_admin_log.INFO: viewPath {"viewPath":"/home/fabio/libraries/UltraAdmin/src/Controllers/../../resources/views/library_handler.html"} []
[2024-10-31T17:49:57.082913+00:00] ultra_admin_log.INFO: Applicazione avviata con successo [] []
[2024-10-31T17:49:57.083619+00:00] ultra_admin_log.INFO: dentro web.php [] []
[2024-10-31T17:49:57.083810+00:00] ultra_admin_log.INFO: dopo le route [] []
[2024-10-31T17:49:57.083946+00:00] ultra_admin_log.INFO: Prima di restituire il router in web.php {"routes":{"GET":{"/":[{"Fabio\\UltraAdmin\\Controllers\\LibraryController":[]},"home"],"/libraries":[{"Fabio\\UltraAdmin\\Controllers\\LibraryController":[]},"index"],"/libraries/create":[{"Fabio\\UltraAdmin\\Controllers\\LibraryController":[]},"create"],"/libraries/edit":[{"Fabio\\UltraAdmin\\Controllers\\LibraryController":[]},"edit"]},"POST":{"/libraries/store":[{"Fabio\\UltraAdmin\\Controllers\\LibraryController":[]},"store"],"/libraries/update":[{"Fabio\\UltraAdmin\\Controllers\\LibraryController":[]},"update"],"/libraries/delete":[{"Fabio\\UltraAdmin\\Controllers\\LibraryController":[]},"delete"]}}} []
[2024-10-31T17:49:57.084226+00:00] ultra_admin_log.INFO: RouteServiceProvider boot started [] []
[2024-10-31T17:49:57.084430+00:00] ultra_admin_log.INFO: Loading route file: /home/fabio/libraries/UltraAdmin/config/../routes/web.php [] []
[2024-10-31T17:49:57.084570+00:00] ultra_admin_log.INFO: Tipo di valore restituito dal file delle rotte {"type":"object"} []
[2024-10-31T17:49:57.084705+00:00] ultra_admin_log.ERROR: Istanza di Router non valida [] []
[2024-10-31T17:49:57.084841+00:00] ultra_admin_log.INFO: Loading route file: /home/fabio/libraries/UltraAdmin/config/../routes/api.php [] []
[2024-10-31T17:49:57.085030+00:00] ultra_admin_log.INFO: dentro api.php [] []
[2024-10-31T17:49:57.085191+00:00] ultra_admin_log.INFO: Prima di restituire il router in api.php {"routes":[]} []
[2024-10-31T17:49:57.085353+00:00] ultra_admin_log.INFO: Tipo di valore restituito dal file delle rotte {"type":"object"} []
[2024-10-31T17:49:57.085484+00:00] ultra_admin_log.INFO: Router istanziato in RouteServiceProvider {"routes":[]} []
[2024-10-31T17:49:57.085998+00:00] ultra_admin_log.INFO: dentro Router.php dispatch {"routes":{"GET":{"/":[{"Fabio\\UltraAdmin\\Controllers\\LibraryController":[]},"home"],"/libraries":[{"Fabio\\UltraAdmin\\Controllers\\LibraryController":[]},"index"],"/libraries/create":[{"Fabio\\UltraAdmin\\Controllers\\LibraryController":[]},"create"],"/libraries/edit":[{"Fabio\\UltraAdmin\\Controllers\\LibraryController":[]},"edit"]},"POST":{"/libraries/store":[{"Fabio\\UltraAdmin\\Controllers\\LibraryController":[]},"store"],"/libraries/update":[{"Fabio\\UltraAdmin\\Controllers\\LibraryController":[]},"update"],"/libraries/delete":[{"Fabio\\UltraAdmin\\Controllers\\LibraryController":[]},"delete"]}}} []
[2024-10-31T17:49:57.086312+00:00] ultra_admin_log.INFO: dentro LibraryController.php index {"data":{"libraries":["Libreria 1","Libreria 2","Libreria 3"]}} []
[2024-10-31T17:49:57.086521+00:00] ultra_admin_log.INFO: viewPath {"viewPath":"/home/fabio/libraries/UltraAdmin/src/Controllers/../../resources/views/library_handler.html"} []
[2024-10-31T17:51:51.329230+00:00] ultra_admin_log.INFO: Applicazione avviata con successo [] []
[2024-10-31T17:51:51.329866+00:00] ultra_admin_log.INFO: dentro web.php [] []
[2024-10-31T17:51:51.330055+00:00] ultra_admin_log.INFO: dopo le route [] []
[2024-10-31T17:51:51.330193+00:00] ultra_admin_log.INFO: Prima di restituire il router in web.php {"routes":{"GET":{"/":[{"Fabio\\UltraAdmin\\Controllers\\LibraryController":[]},"home"],"/libraries":[{"Fabio\\UltraAdmin\\Controllers\\LibraryController":[]},"index"],"/libraries/create":[{"Fabio\\UltraAdmin\\Controllers\\LibraryController":[]},"create"],"/libraries/edit":[{"Fabio\\UltraAdmin\\Controllers\\LibraryController":[]},"edit"]},"POST":{"/libraries/store":[{"Fabio\\UltraAdmin\\Controllers\\LibraryController":[]},"store"],"/libraries/update":[{"Fabio\\UltraAdmin\\Controllers\\LibraryController":[]},"update"],"/libraries/delete":[{"Fabio\\UltraAdmin\\Controllers\\LibraryController":[]},"delete"]}}} []
[2024-10-31T17:51:51.330475+00:00] ultra_admin_log.INFO: RouteServiceProvider boot started [] []
[2024-10-31T17:51:51.330648+00:00] ultra_admin_log.INFO: Loading route file: /home/fabio/libraries/UltraAdmin/config/../routes/web.php [] []
[2024-10-31T17:51:51.330787+00:00] ultra_admin_log.INFO: Tipo di valore restituito dal file delle rotte {"type":"object"} []
[2024-10-31T17:51:51.330921+00:00] ultra_admin_log.ERROR: Istanza di Router non valida [] []
[2024-10-31T17:51:51.331058+00:00] ultra_admin_log.INFO: Loading route file: /home/fabio/libraries/UltraAdmin/config/../routes/api.php [] []
[2024-10-31T17:51:51.331207+00:00] ultra_admin_log.INFO: dentro api.php [] []
[2024-10-31T17:51:51.331441+00:00] ultra_admin_log.INFO: Prima di restituire il router in api.php {"routes":[]} []
[2024-10-31T17:51:51.331577+00:00] ultra_admin_log.INFO: Tipo di valore restituito dal file delle rotte {"type":"object"} []
[2024-10-31T17:51:51.331708+00:00] ultra_admin_log.INFO: Router istanziato in RouteServiceProvider {"routes":[]} []
[2024-10-31T17:51:51.332184+00:00] ultra_admin_log.INFO: dentro Router.php dispatch {"routes":{"GET":{"/":[{"Fabio\\UltraAdmin\\Controllers\\LibraryController":[]},"home"],"/libraries":[{"Fabio\\UltraAdmin\\Controllers\\LibraryController":[]},"index"],"/libraries/create":[{"Fabio\\UltraAdmin\\Controllers\\LibraryController":[]},"create"],"/libraries/edit":[{"Fabio\\UltraAdmin\\Controllers\\LibraryController":[]},"edit"]},"POST":{"/libraries/store":[{"Fabio\\UltraAdmin\\Controllers\\LibraryController":[]},"store"],"/libraries/update":[{"Fabio\\UltraAdmin\\Controllers\\LibraryController":[]},"update"],"/libraries/delete":[{"Fabio\\UltraAdmin\\Controllers\\LibraryController":[]},"delete"]}}} []
[2024-10-31T17:51:51.332505+00:00] ultra_admin_log.INFO: Caricamento della homepage [] []
[2024-10-31T17:51:51.332703+00:00] ultra_admin_log.INFO: viewPath {"viewPath":"/home/fabio/libraries/UltraAdmin/src/Controllers/../../resources/views/home.html"} []
[2024-10-31T17:52:11.342152+00:00] ultra_admin_log.INFO: Applicazione avviata con successo [] []
[2024-10-31T17:52:11.342854+00:00] ultra_admin_log.INFO: dentro web.php [] []
[2024-10-31T17:52:11.343059+00:00] ultra_admin_log.INFO: dopo le route [] []
[2024-10-31T17:52:11.343241+00:00] ultra_admin_log.INFO: Prima di restituire il router in web.php {"routes":{"GET":{"/":[{"Fabio\\UltraAdmin\\Controllers\\LibraryController":[]},"home"],"/libraries":[{"Fabio\\UltraAdmin\\Controllers\\LibraryController":[]},"index"],"/libraries/create":[{"Fabio\\UltraAdmin\\Controllers\\LibraryController":[]},"create"],"/libraries/edit":[{"Fabio\\UltraAdmin\\Controllers\\LibraryController":[]},"edit"]},"POST":{"/libraries/store":[{"Fabio\\UltraAdmin\\Controllers\\LibraryController":[]},"store"],"/libraries/update":[{"Fabio\\UltraAdmin\\Controllers\\LibraryController":[]},"update"],"/libraries/delete":[{"Fabio\\UltraAdmin\\Controllers\\LibraryController":[]},"delete"]}}} []
[2024-10-31T17:52:11.343773+00:00] ultra_admin_log.INFO: RouteServiceProvider boot started [] []
[2024-10-31T17:52:11.344113+00:00] ultra_admin_log.INFO: Loading route file: /home/fabio/libraries/UltraAdmin/config/../routes/web.php [] []
[2024-10-31T17:52:11.344412+00:00] ultra_admin_log.INFO: Tipo di valore restituito dal file delle rotte {"type":"object"} []
[2024-10-31T17:52:11.344649+00:00] ultra_admin_log.ERROR: Istanza di Router non valida [] []
[2024-10-31T17:52:11.344860+00:00] ultra_admin_log.INFO: Loading route file: /home/fabio/libraries/UltraAdmin/config/../routes/api.php [] []
[2024-10-31T17:52:11.345078+00:00] ultra_admin_log.INFO: dentro api.php [] []
[2024-10-31T17:52:11.345247+00:00] ultra_admin_log.INFO: Prima di restituire il router in api.php {"routes":[]} []
[2024-10-31T17:52:11.345384+00:00] ultra_admin_log.INFO: Tipo di valore restituito dal file delle rotte {"type":"object"} []
[2024-10-31T17:52:11.345553+00:00] ultra_admin_log.INFO: Router istanziato in RouteServiceProvider {"routes":[]} []
[2024-10-31T17:52:11.346100+00:00] ultra_admin_log.INFO: dentro Router.php dispatch {"routes":{"GET":{"/":[{"Fabio\\UltraAdmin\\Controllers\\LibraryController":[]},"home"],"/libraries":[{"Fabio\\UltraAdmin\\Controllers\\LibraryController":[]},"index"],"/libraries/create":[{"Fabio\\UltraAdmin\\Controllers\\LibraryController":[]},"create"],"/libraries/edit":[{"Fabio\\UltraAdmin\\Controllers\\LibraryController":[]},"edit"]},"POST":{"/libraries/store":[{"Fabio\\UltraAdmin\\Controllers\\LibraryController":[]},"store"],"/libraries/update":[{"Fabio\\UltraAdmin\\Controllers\\LibraryController":[]},"update"],"/libraries/delete":[{"Fabio\\UltraAdmin\\Controllers\\LibraryController":[]},"delete"]}}} []
[2024-10-31T17:52:11.346402+00:00] ultra_admin_log.INFO: Caricamento della homepage [] []
[2024-10-31T17:52:11.346967+00:00] ultra_admin_log.INFO: viewPath {"viewPath":"/home/fabio/libraries/UltraAdmin/src/Controllers/../../resources/views/home.html"} []
[2024-10-31T17:53:18.392554+00:00] ultra_admin_log.INFO: Applicazione avviata con successo [] []
[2024-10-31T17:53:18.393186+00:00] ultra_admin_log.INFO: dentro web.php [] []
[2024-10-31T17:53:18.393373+00:00] ultra_admin_log.INFO: dopo le route [] []
[2024-10-31T17:53:18.393507+00:00] ultra_admin_log.INFO: Prima di restituire il router in web.php {"routes":{"GET":{"/":[{"Fabio\\UltraAdmin\\Controllers\\LibraryController":[]},"home"],"/libraries":[{"Fabio\\UltraAdmin\\Controllers\\LibraryController":[]},"index"],"/libraries/create":[{"Fabio\\UltraAdmin\\Controllers\\LibraryController":[]},"create"],"/libraries/edit":[{"Fabio\\UltraAdmin\\Controllers\\LibraryController":[]},"edit"]},"POST":{"/libraries/store":[{"Fabio\\UltraAdmin\\Controllers\\LibraryController":[]},"store"],"/libraries/update":[{"Fabio\\UltraAdmin\\Controllers\\LibraryController":[]},"update"],"/libraries/delete":[{"Fabio\\UltraAdmin\\Controllers\\LibraryController":[]},"delete"]}}} []
[2024-10-31T17:53:18.393788+00:00] ultra_admin_log.INFO: RouteServiceProvider boot started [] []
[2024-10-31T17:53:18.393958+00:00] ultra_admin_log.INFO: Loading route file: /home/fabio/libraries/UltraAdmin/config/../routes/web.php [] []
[2024-10-31T17:53:18.394096+00:00] ultra_admin_log.INFO: Tipo di valore restituito dal file delle rotte {"type":"object"} []
[2024-10-31T17:53:18.394242+00:00] ultra_admin_log.ERROR: Istanza di Router non valida [] []
[2024-10-31T17:53:18.394378+00:00] ultra_admin_log.INFO: Loading route file: /home/fabio/libraries/UltraAdmin/config/../routes/api.php [] []
[2024-10-31T17:53:18.394523+00:00] ultra_admin_log.INFO: dentro api.php [] []
[2024-10-31T17:53:18.394679+00:00] ultra_admin_log.INFO: Prima di restituire il router in api.php {"routes":[]} []
[2024-10-31T17:53:18.394812+00:00] ultra_admin_log.INFO: Tipo di valore restituito dal file delle rotte {"type":"object"} []
[2024-10-31T17:53:18.394941+00:00] ultra_admin_log.INFO: Router istanziato in RouteServiceProvider {"routes":[]} []
[2024-10-31T17:53:18.395437+00:00] ultra_admin_log.INFO: dentro Router.php dispatch {"routes":{"GET":{"/":[{"Fabio\\UltraAdmin\\Controllers\\LibraryController":[]},"home"],"/libraries":[{"Fabio\\UltraAdmin\\Controllers\\LibraryController":[]},"index"],"/libraries/create":[{"Fabio\\UltraAdmin\\Controllers\\LibraryController":[]},"create"],"/libraries/edit":[{"Fabio\\UltraAdmin\\Controllers\\LibraryController":[]},"edit"]},"POST":{"/libraries/store":[{"Fabio\\UltraAdmin\\Controllers\\LibraryController":[]},"store"],"/libraries/update":[{"Fabio\\UltraAdmin\\Controllers\\LibraryController":[]},"update"],"/libraries/delete":[{"Fabio\\UltraAdmin\\Controllers\\LibraryController":[]},"delete"]}}} []
[2024-10-31T17:53:18.395727+00:00] ultra_admin_log.INFO: Caricamento della homepage [] []
[2024-10-31T17:53:18.395920+00:00] ultra_admin_log.INFO: viewPath {"viewPath":"/home/fabio/libraries/UltraAdmin/src/Controllers/../../resources/views/home.html"} []
[2024-10-31T17:54:58.655313+00:00] ultra_admin_log.INFO: Applicazione avviata con successo [] []
[2024-10-31T17:54:58.656019+00:00] ultra_admin_log.INFO: dentro web.php [] []
[2024-10-31T17:54:58.656208+00:00] ultra_admin_log.INFO: dopo le route [] []
[2024-10-31T17:54:58.656343+00:00] ultra_admin_log.INFO: Prima di restituire il router in web.php {"routes":{"GET":{"/":[{"Fabio\\UltraAdmin\\Controllers\\LibraryController":[]},"home"],"/libraries":[{"Fabio\\UltraAdmin\\Controllers\\LibraryController":[]},"index"],"/libraries/create":[{"Fabio\\UltraAdmin\\Controllers\\LibraryController":[]},"create"],"/libraries/edit":[{"Fabio\\UltraAdmin\\Controllers\\LibraryController":[]},"edit"]},"POST":{"/libraries/store":[{"Fabio\\UltraAdmin\\Controllers\\LibraryController":[]},"store"],"/libraries/update":[{"Fabio\\UltraAdmin\\Controllers\\LibraryController":[]},"update"],"/libraries/delete":[{"Fabio\\UltraAdmin\\Controllers\\LibraryController":[]},"delete"]}}} []
[2024-10-31T17:54:58.656713+00:00] ultra_admin_log.INFO: RouteServiceProvider boot started [] []
[2024-10-31T17:54:58.656887+00:00] ultra_admin_log.INFO: Loading route file: /home/fabio/libraries/UltraAdmin/config/../routes/web.php [] []
[2024-10-31T17:54:58.657027+00:00] ultra_admin_log.INFO: Tipo di valore restituito dal file delle rotte {"type":"object"} []
[2024-10-31T17:54:58.657161+00:00] ultra_admin_log.ERROR: Istanza di Router non valida [] []
[2024-10-31T17:54:58.657297+00:00] ultra_admin_log.INFO: Loading route file: /home/fabio/libraries/UltraAdmin/config/../routes/api.php [] []
[2024-10-31T17:54:58.657536+00:00] ultra_admin_log.INFO: dentro api.php [] []
[2024-10-31T17:54:58.657702+00:00] ultra_admin_log.INFO: Prima di restituire il router in api.php {"routes":[]} []
[2024-10-31T17:54:58.657837+00:00] ultra_admin_log.INFO: Tipo di valore restituito dal file delle rotte {"type":"object"} []
[2024-10-31T17:54:58.657967+00:00] ultra_admin_log.INFO: Router istanziato in RouteServiceProvider {"routes":[]} []
[2024-10-31T17:54:58.658513+00:00] ultra_admin_log.INFO: dentro Router.php dispatch {"routes":{"GET":{"/":[{"Fabio\\UltraAdmin\\Controllers\\LibraryController":[]},"home"],"/libraries":[{"Fabio\\UltraAdmin\\Controllers\\LibraryController":[]},"index"],"/libraries/create":[{"Fabio\\UltraAdmin\\Controllers\\LibraryController":[]},"create"],"/libraries/edit":[{"Fabio\\UltraAdmin\\Controllers\\LibraryController":[]},"edit"]},"POST":{"/libraries/store":[{"Fabio\\UltraAdmin\\Controllers\\LibraryController":[]},"store"],"/libraries/update":[{"Fabio\\UltraAdmin\\Controllers\\LibraryController":[]},"update"],"/libraries/delete":[{"Fabio\\UltraAdmin\\Controllers\\LibraryController":[]},"delete"]}}} []
[2024-10-31T17:54:58.658816+00:00] ultra_admin_log.INFO: Caricamento della homepage [] []
[2024-10-31T17:54:58.659012+00:00] ultra_admin_log.INFO: viewPath {"viewPath":"/home/fabio/libraries/UltraAdmin/src/Controllers/../../resources/views/home.html"} []
[2024-10-31T17:59:50.541605+00:00] ultra_admin_log.INFO: Applicazione avviata con successo [] []
[2024-10-31T17:59:50.542325+00:00] ultra_admin_log.INFO: dentro web.php [] []
[2024-10-31T17:59:50.542516+00:00] ultra_admin_log.INFO: dopo le route [] []
[2024-10-31T17:59:50.542652+00:00] ultra_admin_log.INFO: Prima di restituire il router in web.php {"routes":{"GET":{"/":[{"Fabio\\UltraAdmin\\Controllers\\LibraryController":[]},"home"],"/libraries":[{"Fabio\\UltraAdmin\\Controllers\\LibraryController":[]},"index"],"/libraries/create":[{"Fabio\\UltraAdmin\\Controllers\\LibraryController":[]},"create"],"/libraries/edit":[{"Fabio\\UltraAdmin\\Controllers\\LibraryController":[]},"edit"]},"POST":{"/libraries/store":[{"Fabio\\UltraAdmin\\Controllers\\LibraryController":[]},"store"],"/libraries/update":[{"Fabio\\UltraAdmin\\Controllers\\LibraryController":[]},"update"],"/libraries/delete":[{"Fabio\\UltraAdmin\\Controllers\\LibraryController":[]},"delete"]}}} []
[2024-10-31T17:59:50.542938+00:00] ultra_admin_log.INFO: RouteServiceProvider boot started [] []
[2024-10-31T17:59:50.543112+00:00] ultra_admin_log.INFO: Loading route file: /home/fabio/libraries/UltraAdmin/config/../routes/web.php [] []
[2024-10-31T17:59:50.543251+00:00] ultra_admin_log.INFO: Tipo di valore restituito dal file delle rotte {"type":"object"} []
[2024-10-31T17:59:50.543385+00:00] ultra_admin_log.ERROR: Istanza di Router non valida [] []
[2024-10-31T17:59:50.543521+00:00] ultra_admin_log.INFO: Loading route file: /home/fabio/libraries/UltraAdmin/config/../routes/api.php [] []
[2024-10-31T17:59:50.543828+00:00] ultra_admin_log.INFO: dentro api.php [] []
[2024-10-31T17:59:50.544153+00:00] ultra_admin_log.INFO: Prima di restituire il router in api.php {"routes":[]} []
[2024-10-31T17:59:50.544414+00:00] ultra_admin_log.INFO: Tipo di valore restituito dal file delle rotte {"type":"object"} []
[2024-10-31T17:59:50.544662+00:00] ultra_admin_log.INFO: Router istanziato in RouteServiceProvider {"routes":[]} []
[2024-10-31T17:59:50.545394+00:00] ultra_admin_log.INFO: dentro Router.php dispatch {"routes":{"GET":{"/":[{"Fabio\\UltraAdmin\\Controllers\\LibraryController":[]},"home"],"/libraries":[{"Fabio\\UltraAdmin\\Controllers\\LibraryController":[]},"index"],"/libraries/create":[{"Fabio\\UltraAdmin\\Controllers\\LibraryController":[]},"create"],"/libraries/edit":[{"Fabio\\UltraAdmin\\Controllers\\LibraryController":[]},"edit"]},"POST":{"/libraries/store":[{"Fabio\\UltraAdmin\\Controllers\\LibraryController":[]},"store"],"/libraries/update":[{"Fabio\\UltraAdmin\\Controllers\\LibraryController":[]},"update"],"/libraries/delete":[{"Fabio\\UltraAdmin\\Controllers\\LibraryController":[]},"delete"]}}} []
[2024-10-31T17:59:50.545695+00:00] ultra_admin_log.INFO: Caricamento della homepage [] []
[2024-10-31T17:59:50.545893+00:00] ultra_admin_log.INFO: viewPath {"viewPath":"/home/fabio/libraries/UltraAdmin/src/Controllers/../../resources/views/home.html"} []
[2024-10-31T18:00:04.648468+00:00] ultra_admin_log.INFO: Applicazione avviata con successo [] []
[2024-10-31T18:00:04.649145+00:00] ultra_admin_log.INFO: dentro web.php [] []
[2024-10-31T18:00:04.649336+00:00] ultra_admin_log.INFO: dopo le route [] []
[2024-10-31T18:00:04.649473+00:00] ultra_admin_log.INFO: Prima di restituire il router in web.php {"routes":{"GET":{"/":[{"Fabio\\UltraAdmin\\Controllers\\LibraryController":[]},"home"],"/libraries":[{"Fabio\\UltraAdmin\\Controllers\\LibraryController":[]},"index"],"/libraries/create":[{"Fabio\\UltraAdmin\\Controllers\\LibraryController":[]},"create"],"/libraries/edit":[{"Fabio\\UltraAdmin\\Controllers\\LibraryController":[]},"edit"]},"POST":{"/libraries/store":[{"Fabio\\UltraAdmin\\Controllers\\LibraryController":[]},"store"],"/libraries/update":[{"Fabio\\UltraAdmin\\Controllers\\LibraryController":[]},"update"],"/libraries/delete":[{"Fabio\\UltraAdmin\\Controllers\\LibraryController":[]},"delete"]}}} []
[2024-10-31T18:00:04.649774+00:00] ultra_admin_log.INFO: RouteServiceProvider boot started [] []
[2024-10-31T18:00:04.649951+00:00] ultra_admin_log.INFO: Loading route file: /home/fabio/libraries/UltraAdmin/config/../routes/web.php [] []
[2024-10-31T18:00:04.650091+00:00] ultra_admin_log.INFO: Tipo di valore restituito dal file delle rotte {"type":"object"} []
[2024-10-31T18:00:04.650225+00:00] ultra_admin_log.ERROR: Istanza di Router non valida [] []
[2024-10-31T18:00:04.650361+00:00] ultra_admin_log.INFO: Loading route file: /home/fabio/libraries/UltraAdmin/config/../routes/api.php [] []
[2024-10-31T18:00:04.650546+00:00] ultra_admin_log.INFO: dentro api.php [] []
[2024-10-31T18:00:04.650707+00:00] ultra_admin_log.INFO: Prima di restituire il router in api.php {"routes":[]} []
[2024-10-31T18:00:04.650841+00:00] ultra_admin_log.INFO: Tipo di valore restituito dal file delle rotte {"type":"object"} []
[2024-10-31T18:00:04.650971+00:00] ultra_admin_log.INFO: Router istanziato in RouteServiceProvider {"routes":[]} []
[2024-10-31T18:00:04.651456+00:00] ultra_admin_log.INFO: dentro Router.php dispatch {"routes":{"GET":{"/":[{"Fabio\\UltraAdmin\\Controllers\\LibraryController":[]},"home"],"/libraries":[{"Fabio\\UltraAdmin\\Controllers\\LibraryController":[]},"index"],"/libraries/create":[{"Fabio\\UltraAdmin\\Controllers\\LibraryController":[]},"create"],"/libraries/edit":[{"Fabio\\UltraAdmin\\Controllers\\LibraryController":[]},"edit"]},"POST":{"/libraries/store":[{"Fabio\\UltraAdmin\\Controllers\\LibraryController":[]},"store"],"/libraries/update":[{"Fabio\\UltraAdmin\\Controllers\\LibraryController":[]},"update"],"/libraries/delete":[{"Fabio\\UltraAdmin\\Controllers\\LibraryController":[]},"delete"]}}} []
[2024-10-31T18:00:04.651752+00:00] ultra_admin_log.INFO: Caricamento della homepage [] []
[2024-10-31T18:00:04.651970+00:00] ultra_admin_log.INFO: viewPath {"viewPath":"/home/fabio/libraries/UltraAdmin/src/Controllers/../../resources/views/home.html"} []
[2024-10-31T18:01:22.291357+00:00] ultra_admin_log.INFO: Applicazione avviata con successo [] []
[2024-10-31T18:01:22.291998+00:00] ultra_admin_log.INFO: dentro web.php [] []
[2024-10-31T18:01:22.292188+00:00] ultra_admin_log.INFO: dopo le route [] []
[2024-10-31T18:01:22.292324+00:00] ultra_admin_log.INFO: Prima di restituire il router in web.php {"routes":{"GET":{"/":[{"Fabio\\UltraAdmin\\Controllers\\LibraryController":[]},"home"],"/libraries":[{"Fabio\\UltraAdmin\\Controllers\\LibraryController":[]},"index"],"/libraries/create":[{"Fabio\\UltraAdmin\\Controllers\\LibraryController":[]},"create"],"/libraries/edit":[{"Fabio\\UltraAdmin\\Controllers\\LibraryController":[]},"edit"]},"POST":{"/libraries/store":[{"Fabio\\UltraAdmin\\Controllers\\LibraryController":[]},"store"],"/libraries/update":[{"Fabio\\UltraAdmin\\Controllers\\LibraryController":[]},"update"],"/libraries/delete":[{"Fabio\\UltraAdmin\\Controllers\\LibraryController":[]},"delete"]}}} []
[2024-10-31T18:01:22.292606+00:00] ultra_admin_log.INFO: RouteServiceProvider boot started [] []
[2024-10-31T18:01:22.292779+00:00] ultra_admin_log.INFO: Loading route file: /home/fabio/libraries/UltraAdmin/config/../routes/web.php [] []
[2024-10-31T18:01:22.292917+00:00] ultra_admin_log.INFO: Tipo di valore restituito dal file delle rotte {"type":"object"} []
[2024-10-31T18:01:22.293051+00:00] ultra_admin_log.ERROR: Istanza di Router non valida [] []
[2024-10-31T18:01:22.293187+00:00] ultra_admin_log.INFO: Loading route file: /home/fabio/libraries/UltraAdmin/config/../routes/api.php [] []
[2024-10-31T18:01:22.293371+00:00] ultra_admin_log.INFO: dentro api.php [] []
[2024-10-31T18:01:22.293530+00:00] ultra_admin_log.INFO: Prima di restituire il router in api.php {"routes":[]} []
[2024-10-31T18:01:22.293643+00:00] ultra_admin_log.INFO: Tipo di valore restituito dal file delle rotte {"type":"object"} []
[2024-10-31T18:01:22.293768+00:00] ultra_admin_log.INFO: Router istanziato in RouteServiceProvider {"routes":[]} []
[2024-10-31T18:01:22.294352+00:00] ultra_admin_log.INFO: dentro Router.php dispatch {"routes":{"GET":{"/":[{"Fabio\\UltraAdmin\\Controllers\\LibraryController":[]},"home"],"/libraries":[{"Fabio\\UltraAdmin\\Controllers\\LibraryController":[]},"index"],"/libraries/create":[{"Fabio\\UltraAdmin\\Controllers\\LibraryController":[]},"create"],"/libraries/edit":[{"Fabio\\UltraAdmin\\Controllers\\LibraryController":[]},"edit"]},"POST":{"/libraries/store":[{"Fabio\\UltraAdmin\\Controllers\\LibraryController":[]},"store"],"/libraries/update":[{"Fabio\\UltraAdmin\\Controllers\\LibraryController":[]},"update"],"/libraries/delete":[{"Fabio\\UltraAdmin\\Controllers\\LibraryController":[]},"delete"]}}} []
[2024-10-31T18:01:22.294644+00:00] ultra_admin_log.INFO: Caricamento della homepage [] []
[2024-10-31T18:01:22.294840+00:00] ultra_admin_log.INFO: viewPath {"viewPath":"/home/fabio/libraries/UltraAdmin/src/Controllers/../../resources/views/home.html"} []
[2024-10-31T18:02:25.028307+00:00] ultra_admin_log.INFO: Applicazione avviata con successo [] []
[2024-10-31T18:02:25.029048+00:00] ultra_admin_log.INFO: dentro web.php [] []
[2024-10-31T18:02:25.029239+00:00] ultra_admin_log.INFO: dopo le route [] []
[2024-10-31T18:02:25.029397+00:00] ultra_admin_log.INFO: Prima di restituire il router in web.php {"routes":{"GET":{"/":[{"Fabio\\UltraAdmin\\Controllers\\LibraryController":[]},"home"],"/libraries":[{"Fabio\\UltraAdmin\\Controllers\\LibraryController":[]},"index"],"/libraries/create":[{"Fabio\\UltraAdmin\\Controllers\\LibraryController":[]},"create"],"/libraries/edit":[{"Fabio\\UltraAdmin\\Controllers\\LibraryController":[]},"edit"]},"POST":{"/libraries/store":[{"Fabio\\UltraAdmin\\Controllers\\LibraryController":[]},"store"],"/libraries/update":[{"Fabio\\UltraAdmin\\Controllers\\LibraryController":[]},"update"],"/libraries/delete":[{"Fabio\\UltraAdmin\\Controllers\\LibraryController":[]},"delete"]}}} []
[2024-10-31T18:02:25.029685+00:00] ultra_admin_log.INFO: RouteServiceProvider boot started [] []
[2024-10-31T18:02:25.029860+00:00] ultra_admin_log.INFO: Loading route file: /home/fabio/libraries/UltraAdmin/config/../routes/web.php [] []
[2024-10-31T18:02:25.029999+00:00] ultra_admin_log.INFO: Tipo di valore restituito dal file delle rotte {"type":"object"} []
[2024-10-31T18:02:25.030133+00:00] ultra_admin_log.ERROR: Istanza di Router non valida [] []
[2024-10-31T18:02:25.030271+00:00] ultra_admin_log.INFO: Loading route file: /home/fabio/libraries/UltraAdmin/config/../routes/api.php [] []
[2024-10-31T18:02:25.030470+00:00] ultra_admin_log.INFO: dentro api.php [] []
[2024-10-31T18:02:25.030632+00:00] ultra_admin_log.INFO: Prima di restituire il router in api.php {"routes":[]} []
[2024-10-31T18:02:25.030767+00:00] ultra_admin_log.INFO: Tipo di valore restituito dal file delle rotte {"type":"object"} []
[2024-10-31T18:02:25.030899+00:00] ultra_admin_log.INFO: Router istanziato in RouteServiceProvider {"routes":[]} []
[2024-10-31T18:02:25.031446+00:00] ultra_admin_log.INFO: dentro Router.php dispatch {"routes":{"GET":{"/":[{"Fabio\\UltraAdmin\\Controllers\\LibraryController":[]},"home"],"/libraries":[{"Fabio\\UltraAdmin\\Controllers\\LibraryController":[]},"index"],"/libraries/create":[{"Fabio\\UltraAdmin\\Controllers\\LibraryController":[]},"create"],"/libraries/edit":[{"Fabio\\UltraAdmin\\Controllers\\LibraryController":[]},"edit"]},"POST":{"/libraries/store":[{"Fabio\\UltraAdmin\\Controllers\\LibraryController":[]},"store"],"/libraries/update":[{"Fabio\\UltraAdmin\\Controllers\\LibraryController":[]},"update"],"/libraries/delete":[{"Fabio\\UltraAdmin\\Controllers\\LibraryController":[]},"delete"]}}} []
[2024-10-31T18:02:25.031740+00:00] ultra_admin_log.INFO: Caricamento della homepage [] []
[2024-10-31T18:02:25.031937+00:00] ultra_admin_log.INFO: viewPath {"viewPath":"/home/fabio/libraries/UltraAdmin/src/Controllers/../../resources/views/home.html"} []
[2024-10-31T18:03:46.589393+00:00] ultra_admin_log.INFO: Applicazione avviata con successo [] []
[2024-10-31T18:03:46.590031+00:00] ultra_admin_log.INFO: dentro web.php [] []
[2024-10-31T18:03:46.590229+00:00] ultra_admin_log.INFO: dopo le route [] []
[2024-10-31T18:03:46.590367+00:00] ultra_admin_log.INFO: Prima di restituire il router in web.php {"routes":{"GET":{"/":[{"Fabio\\UltraAdmin\\Controllers\\LibraryController":[]},"home"],"/libraries":[{"Fabio\\UltraAdmin\\Controllers\\LibraryController":[]},"index"],"/libraries/create":[{"Fabio\\UltraAdmin\\Controllers\\LibraryController":[]},"create"],"/libraries/edit":[{"Fabio\\UltraAdmin\\Controllers\\LibraryController":[]},"edit"]},"POST":{"/libraries/store":[{"Fabio\\UltraAdmin\\Controllers\\LibraryController":[]},"store"],"/libraries/update":[{"Fabio\\UltraAdmin\\Controllers\\LibraryController":[]},"update"],"/libraries/delete":[{"Fabio\\UltraAdmin\\Controllers\\LibraryController":[]},"delete"]}}} []
[2024-10-31T18:03:46.590657+00:00] ultra_admin_log.INFO: RouteServiceProvider boot started [] []
[2024-10-31T18:03:46.590831+00:00] ultra_admin_log.INFO: Loading route file: /home/fabio/libraries/UltraAdmin/config/../routes/web.php [] []
[2024-10-31T18:03:46.590972+00:00] ultra_admin_log.INFO: Tipo di valore restituito dal file delle rotte {"type":"object"} []
[2024-10-31T18:03:46.591070+00:00] ultra_admin_log.ERROR: Istanza di Router non valida [] []
[2024-10-31T18:03:46.591283+00:00] ultra_admin_log.INFO: Loading route file: /home/fabio/libraries/UltraAdmin/config/../routes/api.php [] []
[2024-10-31T18:03:46.591555+00:00] ultra_admin_log.INFO: dentro api.php [] []
[2024-10-31T18:03:46.591789+00:00] ultra_admin_log.INFO: Prima di restituire il router in api.php {"routes":[]} []
[2024-10-31T18:03:46.591928+00:00] ultra_admin_log.INFO: Tipo di valore restituito dal file delle rotte {"type":"object"} []
[2024-10-31T18:03:46.592062+00:00] ultra_admin_log.INFO: Router istanziato in RouteServiceProvider {"routes":[]} []
[2024-10-31T18:03:46.592548+00:00] ultra_admin_log.INFO: dentro Router.php dispatch {"routes":{"GET":{"/":[{"Fabio\\UltraAdmin\\Controllers\\LibraryController":[]},"home"],"/libraries":[{"Fabio\\UltraAdmin\\Controllers\\LibraryController":[]},"index"],"/libraries/create":[{"Fabio\\UltraAdmin\\Controllers\\LibraryController":[]},"create"],"/libraries/edit":[{"Fabio\\UltraAdmin\\Controllers\\LibraryController":[]},"edit"]},"POST":{"/libraries/store":[{"Fabio\\UltraAdmin\\Controllers\\LibraryController":[]},"store"],"/libraries/update":[{"Fabio\\UltraAdmin\\Controllers\\LibraryController":[]},"update"],"/libraries/delete":[{"Fabio\\UltraAdmin\\Controllers\\LibraryController":[]},"delete"]}}} []
[2024-10-31T18:03:46.592842+00:00] ultra_admin_log.INFO: Caricamento della homepage [] []
[2024-10-31T18:03:46.593040+00:00] ultra_admin_log.INFO: viewPath {"viewPath":"/home/fabio/libraries/UltraAdmin/src/Controllers/../../resources/views/home.html"} []
[2024-10-31T18:04:17.907616+00:00] ultra_admin_log.INFO: Applicazione avviata con successo [] []
[2024-10-31T18:04:17.908290+00:00] ultra_admin_log.INFO: dentro web.php [] []
[2024-10-31T18:04:17.908479+00:00] ultra_admin_log.INFO: dopo le route [] []
[2024-10-31T18:04:17.908615+00:00] ultra_admin_log.INFO: Prima di restituire il router in web.php {"routes":{"GET":{"/":[{"Fabio\\UltraAdmin\\Controllers\\LibraryController":[]},"home"],"/libraries":[{"Fabio\\UltraAdmin\\Controllers\\LibraryController":[]},"index"],"/libraries/create":[{"Fabio\\UltraAdmin\\Controllers\\LibraryController":[]},"create"],"/libraries/edit":[{"Fabio\\UltraAdmin\\Controllers\\LibraryController":[]},"edit"]},"POST":{"/libraries/store":[{"Fabio\\UltraAdmin\\Controllers\\LibraryController":[]},"store"],"/libraries/update":[{"Fabio\\UltraAdmin\\Controllers\\LibraryController":[]},"update"],"/libraries/delete":[{"Fabio\\UltraAdmin\\Controllers\\LibraryController":[]},"delete"]}}} []
[2024-10-31T18:04:17.908899+00:00] ultra_admin_log.INFO: RouteServiceProvider boot started [] []
[2024-10-31T18:04:17.909086+00:00] ultra_admin_log.INFO: Loading route file: /home/fabio/libraries/UltraAdmin/config/../routes/web.php [] []
[2024-10-31T18:04:17.909225+00:00] ultra_admin_log.INFO: Tipo di valore restituito dal file delle rotte {"type":"object"} []
[2024-10-31T18:04:17.909359+00:00] ultra_admin_log.ERROR: Istanza di Router non valida [] []
[2024-10-31T18:04:17.909496+00:00] ultra_admin_log.INFO: Loading route file: /home/fabio/libraries/UltraAdmin/config/../routes/api.php [] []
[2024-10-31T18:04:17.909680+00:00] ultra_admin_log.INFO: dentro api.php [] []
[2024-10-31T18:04:17.909840+00:00] ultra_admin_log.INFO: Prima di restituire il router in api.php {"routes":[]} []
[2024-10-31T18:04:17.909975+00:00] ultra_admin_log.INFO: Tipo di valore restituito dal file delle rotte {"type":"object"} []
[2024-10-31T18:04:17.910188+00:00] ultra_admin_log.INFO: Router istanziato in RouteServiceProvider {"routes":[]} []
[2024-10-31T18:04:17.910667+00:00] ultra_admin_log.INFO: dentro Router.php dispatch {"routes":{"GET":{"/":[{"Fabio\\UltraAdmin\\Controllers\\LibraryController":[]},"home"],"/libraries":[{"Fabio\\UltraAdmin\\Controllers\\LibraryController":[]},"index"],"/libraries/create":[{"Fabio\\UltraAdmin\\Controllers\\LibraryController":[]},"create"],"/libraries/edit":[{"Fabio\\UltraAdmin\\Controllers\\LibraryController":[]},"edit"]},"POST":{"/libraries/store":[{"Fabio\\UltraAdmin\\Controllers\\LibraryController":[]},"store"],"/libraries/update":[{"Fabio\\UltraAdmin\\Controllers\\LibraryController":[]},"update"],"/libraries/delete":[{"Fabio\\UltraAdmin\\Controllers\\LibraryController":[]},"delete"]}}} []
[2024-10-31T18:04:17.910959+00:00] ultra_admin_log.INFO: Caricamento della homepage [] []
[2024-10-31T18:04:17.911171+00:00] ultra_admin_log.INFO: viewPath {"viewPath":"/home/fabio/libraries/UltraAdmin/src/Controllers/../../resources/views/home.html"} []
[2024-10-31T18:05:06.206302+00:00] ultra_admin_log.INFO: Applicazione avviata con successo [] []
[2024-10-31T18:05:06.207093+00:00] ultra_admin_log.INFO: dentro web.php [] []
[2024-10-31T18:05:06.207281+00:00] ultra_admin_log.INFO: dopo le route [] []
[2024-10-31T18:05:06.207472+00:00] ultra_admin_log.INFO: Prima di restituire il router in web.php {"routes":{"GET":{"/":[{"Fabio\\UltraAdmin\\Controllers\\LibraryController":[]},"home"],"/libraries":[{"Fabio\\UltraAdmin\\Controllers\\LibraryController":[]},"index"],"/libraries/create":[{"Fabio\\UltraAdmin\\Controllers\\LibraryController":[]},"create"],"/libraries/edit":[{"Fabio\\UltraAdmin\\Controllers\\LibraryController":[]},"edit"]},"POST":{"/libraries/store":[{"Fabio\\UltraAdmin\\Controllers\\LibraryController":[]},"store"],"/libraries/update":[{"Fabio\\UltraAdmin\\Controllers\\LibraryController":[]},"update"],"/libraries/delete":[{"Fabio\\UltraAdmin\\Controllers\\LibraryController":[]},"delete"]}}} []
[2024-10-31T18:05:06.207813+00:00] ultra_admin_log.INFO: RouteServiceProvider boot started [] []
[2024-10-31T18:05:06.207985+00:00] ultra_admin_log.INFO: Loading route file: /home/fabio/libraries/UltraAdmin/config/../routes/web.php [] []
[2024-10-31T18:05:06.208125+00:00] ultra_admin_log.INFO: Tipo di valore restituito dal file delle rotte {"type":"object"} []
[2024-10-31T18:05:06.208260+00:00] ultra_admin_log.ERROR: Istanza di Router non valida [] []
[2024-10-31T18:05:06.208396+00:00] ultra_admin_log.INFO: Loading route file: /home/fabio/libraries/UltraAdmin/config/../routes/api.php [] []
[2024-10-31T18:05:06.208592+00:00] ultra_admin_log.INFO: dentro api.php [] []
[2024-10-31T18:05:06.208783+00:00] ultra_admin_log.INFO: Prima di restituire il router in api.php {"routes":[]} []
[2024-10-31T18:05:06.208918+00:00] ultra_admin_log.INFO: Tipo di valore restituito dal file delle rotte {"type":"object"} []
[2024-10-31T18:05:06.209049+00:00] ultra_admin_log.INFO: Router istanziato in RouteServiceProvider {"routes":[]} []
[2024-10-31T18:05:06.209566+00:00] ultra_admin_log.INFO: dentro Router.php dispatch {"routes":{"GET":{"/":[{"Fabio\\UltraAdmin\\Controllers\\LibraryController":[]},"home"],"/libraries":[{"Fabio\\UltraAdmin\\Controllers\\LibraryController":[]},"index"],"/libraries/create":[{"Fabio\\UltraAdmin\\Controllers\\LibraryController":[]},"create"],"/libraries/edit":[{"Fabio\\UltraAdmin\\Controllers\\LibraryController":[]},"edit"]},"POST":{"/libraries/store":[{"Fabio\\UltraAdmin\\Controllers\\LibraryController":[]},"store"],"/libraries/update":[{"Fabio\\UltraAdmin\\Controllers\\LibraryController":[]},"update"],"/libraries/delete":[{"Fabio\\UltraAdmin\\Controllers\\LibraryController":[]},"delete"]}}} []
[2024-10-31T18:05:06.209897+00:00] ultra_admin_log.INFO: Caricamento della homepage [] []
[2024-10-31T18:05:06.210092+00:00] ultra_admin_log.INFO: viewPath {"viewPath":"/home/fabio/libraries/UltraAdmin/src/Controllers/../../resources/views/home.html"} []
[2024-10-31T18:05:29.308944+00:00] ultra_admin_log.INFO: Applicazione avviata con successo [] []
[2024-10-31T18:05:29.309696+00:00] ultra_admin_log.INFO: dentro web.php [] []
[2024-10-31T18:05:29.309886+00:00] ultra_admin_log.INFO: dopo le route [] []
[2024-10-31T18:05:29.310063+00:00] ultra_admin_log.INFO: Prima di restituire il router in web.php {"routes":{"GET":{"/":[{"Fabio\\UltraAdmin\\Controllers\\LibraryController":[]},"home"],"/libraries":[{"Fabio\\UltraAdmin\\Controllers\\LibraryController":[]},"index"],"/libraries/create":[{"Fabio\\UltraAdmin\\Controllers\\LibraryController":[]},"create"],"/libraries/edit":[{"Fabio\\UltraAdmin\\Controllers\\LibraryController":[]},"edit"]},"POST":{"/libraries/store":[{"Fabio\\UltraAdmin\\Controllers\\LibraryController":[]},"store"],"/libraries/update":[{"Fabio\\UltraAdmin\\Controllers\\LibraryController":[]},"update"],"/libraries/delete":[{"Fabio\\UltraAdmin\\Controllers\\LibraryController":[]},"delete"]}}} []
[2024-10-31T18:05:29.310439+00:00] ultra_admin_log.INFO: RouteServiceProvider boot started [] []
[2024-10-31T18:05:29.310616+00:00] ultra_admin_log.INFO: Loading route file: /home/fabio/libraries/UltraAdmin/config/../routes/web.php [] []
[2024-10-31T18:05:29.310756+00:00] ultra_admin_log.INFO: Tipo di valore restituito dal file delle rotte {"type":"object"} []
[2024-10-31T18:05:29.310891+00:00] ultra_admin_log.ERROR: Istanza di Router non valida [] []
[2024-10-31T18:05:29.311028+00:00] ultra_admin_log.INFO: Loading route file: /home/fabio/libraries/UltraAdmin/config/../routes/api.php [] []
[2024-10-31T18:05:29.311214+00:00] ultra_admin_log.INFO: dentro api.php [] []
[2024-10-31T18:05:29.311379+00:00] ultra_admin_log.INFO: Prima di restituire il router in api.php {"routes":[]} []
[2024-10-31T18:05:29.311513+00:00] ultra_admin_log.INFO: Tipo di valore restituito dal file delle rotte {"type":"object"} []
[2024-10-31T18:05:29.311643+00:00] ultra_admin_log.INFO: Router istanziato in RouteServiceProvider {"routes":[]} []
[2024-10-31T18:05:29.312122+00:00] ultra_admin_log.INFO: dentro Router.php dispatch {"routes":{"GET":{"/":[{"Fabio\\UltraAdmin\\Controllers\\LibraryController":[]},"home"],"/libraries":[{"Fabio\\UltraAdmin\\Controllers\\LibraryController":[]},"index"],"/libraries/create":[{"Fabio\\UltraAdmin\\Controllers\\LibraryController":[]},"create"],"/libraries/edit":[{"Fabio\\UltraAdmin\\Controllers\\LibraryController":[]},"edit"]},"POST":{"/libraries/store":[{"Fabio\\UltraAdmin\\Controllers\\LibraryController":[]},"store"],"/libraries/update":[{"Fabio\\UltraAdmin\\Controllers\\LibraryController":[]},"update"],"/libraries/delete":[{"Fabio\\UltraAdmin\\Controllers\\LibraryController":[]},"delete"]}}} []
[2024-10-31T18:05:29.312415+00:00] ultra_admin_log.INFO: Caricamento della homepage [] []
[2024-10-31T18:05:29.312612+00:00] ultra_admin_log.INFO: viewPath {"viewPath":"/home/fabio/libraries/UltraAdmin/src/Controllers/../../resources/views/home.html"} []
[2024-10-31T18:06:26.419890+00:00] ultra_admin_log.INFO: Applicazione avviata con successo [] []
[2024-10-31T18:06:26.420550+00:00] ultra_admin_log.INFO: dentro web.php [] []
[2024-10-31T18:06:26.420765+00:00] ultra_admin_log.INFO: dopo le route [] []
[2024-10-31T18:06:26.420938+00:00] ultra_admin_log.INFO: Prima di restituire il router in web.php {"routes":{"GET":{"/":[{"Fabio\\UltraAdmin\\Controllers\\LibraryController":[]},"home"],"/libraries":[{"Fabio\\UltraAdmin\\Controllers\\LibraryController":[]},"index"],"/libraries/create":[{"Fabio\\UltraAdmin\\Controllers\\LibraryController":[]},"create"],"/libraries/edit":[{"Fabio\\UltraAdmin\\Controllers\\LibraryController":[]},"edit"]},"POST":{"/libraries/store":[{"Fabio\\UltraAdmin\\Controllers\\LibraryController":[]},"store"],"/libraries/update":[{"Fabio\\UltraAdmin\\Controllers\\LibraryController":[]},"update"],"/libraries/delete":[{"Fabio\\UltraAdmin\\Controllers\\LibraryController":[]},"delete"]}}} []
[2024-10-31T18:06:26.421242+00:00] ultra_admin_log.INFO: RouteServiceProvider boot started [] []
[2024-10-31T18:06:26.421417+00:00] ultra_admin_log.INFO: Loading route file: /home/fabio/libraries/UltraAdmin/config/../routes/web.php [] []
[2024-10-31T18:06:26.421559+00:00] ultra_admin_log.INFO: Tipo di valore restituito dal file delle rotte {"type":"object"} []
[2024-10-31T18:06:26.421694+00:00] ultra_admin_log.ERROR: Istanza di Router non valida [] []
[2024-10-31T18:06:26.421831+00:00] ultra_admin_log.INFO: Loading route file: /home/fabio/libraries/UltraAdmin/config/../routes/api.php [] []
[2024-10-31T18:06:26.422044+00:00] ultra_admin_log.INFO: dentro api.php [] []
[2024-10-31T18:06:26.422204+00:00] ultra_admin_log.INFO: Prima di restituire il router in api.php {"routes":[]} []
[2024-10-31T18:06:26.422339+00:00] ultra_admin_log.INFO: Tipo di valore restituito dal file delle rotte {"type":"object"} []
[2024-10-31T18:06:26.422470+00:00] ultra_admin_log.INFO: Router istanziato in RouteServiceProvider {"routes":[]} []
[2024-10-31T18:06:26.423165+00:00] ultra_admin_log.INFO: dentro Router.php dispatch {"routes":{"GET":{"/":[{"Fabio\\UltraAdmin\\Controllers\\LibraryController":[]},"home"],"/libraries":[{"Fabio\\UltraAdmin\\Controllers\\LibraryController":[]},"index"],"/libraries/create":[{"Fabio\\UltraAdmin\\Controllers\\LibraryController":[]},"create"],"/libraries/edit":[{"Fabio\\UltraAdmin\\Controllers\\LibraryController":[]},"edit"]},"POST":{"/libraries/store":[{"Fabio\\UltraAdmin\\Controllers\\LibraryController":[]},"store"],"/libraries/update":[{"Fabio\\UltraAdmin\\Controllers\\LibraryController":[]},"update"],"/libraries/delete":[{"Fabio\\UltraAdmin\\Controllers\\LibraryController":[]},"delete"]}}} []
[2024-10-31T18:06:26.423465+00:00] ultra_admin_log.INFO: dentro LibraryController.php index {"data":{"libraries":["Libreria 1","Libreria 2","Libreria 3"]}} []
[2024-10-31T18:06:26.423675+00:00] ultra_admin_log.INFO: viewPath {"viewPath":"/home/fabio/libraries/UltraAdmin/src/Controllers/../../resources/views/library_handler.html"} []
[2024-10-31T18:06:37.775090+00:00] ultra_admin_log.INFO: Applicazione avviata con successo [] []
[2024-10-31T18:06:37.775728+00:00] ultra_admin_log.INFO: dentro web.php [] []
[2024-10-31T18:06:37.775944+00:00] ultra_admin_log.INFO: dopo le route [] []
[2024-10-31T18:06:37.776080+00:00] ultra_admin_log.INFO: Prima di restituire il router in web.php {"routes":{"GET":{"/":[{"Fabio\\UltraAdmin\\Controllers\\LibraryController":[]},"home"],"/libraries":[{"Fabio\\UltraAdmin\\Controllers\\LibraryController":[]},"index"],"/libraries/create":[{"Fabio\\UltraAdmin\\Controllers\\LibraryController":[]},"create"],"/libraries/edit":[{"Fabio\\UltraAdmin\\Controllers\\LibraryController":[]},"edit"]},"POST":{"/libraries/store":[{"Fabio\\UltraAdmin\\Controllers\\LibraryController":[]},"store"],"/libraries/update":[{"Fabio\\UltraAdmin\\Controllers\\LibraryController":[]},"update"],"/libraries/delete":[{"Fabio\\UltraAdmin\\Controllers\\LibraryController":[]},"delete"]}}} []
[2024-10-31T18:06:37.776362+00:00] ultra_admin_log.INFO: RouteServiceProvider boot started [] []
[2024-10-31T18:06:37.776532+00:00] ultra_admin_log.INFO: Loading route file: /home/fabio/libraries/UltraAdmin/config/../routes/web.php [] []
[2024-10-31T18:06:37.776671+00:00] ultra_admin_log.INFO: Tipo di valore restituito dal file delle rotte {"type":"object"} []
[2024-10-31T18:06:37.776804+00:00] ultra_admin_log.ERROR: Istanza di Router non valida [] []
[2024-10-31T18:06:37.776969+00:00] ultra_admin_log.INFO: Loading route file: /home/fabio/libraries/UltraAdmin/config/../routes/api.php [] []
[2024-10-31T18:06:37.777166+00:00] ultra_admin_log.INFO: dentro api.php [] []
[2024-10-31T18:06:37.777325+00:00] ultra_admin_log.INFO: Prima di restituire il router in api.php {"routes":[]} []
[2024-10-31T18:06:37.777525+00:00] ultra_admin_log.INFO: Tipo di valore restituito dal file delle rotte {"type":"object"} []
[2024-10-31T18:06:37.777681+00:00] ultra_admin_log.INFO: Router istanziato in RouteServiceProvider {"routes":[]} []
[2024-10-31T18:06:37.778187+00:00] ultra_admin_log.INFO: dentro Router.php dispatch {"routes":{"GET":{"/":[{"Fabio\\UltraAdmin\\Controllers\\LibraryController":[]},"home"],"/libraries":[{"Fabio\\UltraAdmin\\Controllers\\LibraryController":[]},"index"],"/libraries/create":[{"Fabio\\UltraAdmin\\Controllers\\LibraryController":[]},"create"],"/libraries/edit":[{"Fabio\\UltraAdmin\\Controllers\\LibraryController":[]},"edit"]},"POST":{"/libraries/store":[{"Fabio\\UltraAdmin\\Controllers\\LibraryController":[]},"store"],"/libraries/update":[{"Fabio\\UltraAdmin\\Controllers\\LibraryController":[]},"update"],"/libraries/delete":[{"Fabio\\UltraAdmin\\Controllers\\LibraryController":[]},"delete"]}}} []
